[35m[Appium][39m Welcome to Appium v1.22.0
[35m[Appium][39m Non-default server args:
[35m[Appium][39m   port: 64410
[35m[Appium][39m   loglevel: info
[35m[Appium][39m   tmpDir: /var/folders/m_/tlw_l2ks2db8s35d3jfrw9_r0000gn/T//Katalon/Appium/Temp1636823097712
[35m[Appium][39m   chromedriverPort: 64411
[35m[Appium][39m Deprecated server args:
[35m[Appium][39m   [31m--chromedriver-port[39m => --default-capabilities
[35m[Appium][39m Default capabilities, which will be added to each request unless overridden by desired capabilities:
[35m[Appium][39m   chromedriverPort: 64411
[35m[Appium][39m Appium REST http interface listener started on 0.0.0.0:64410
[35m[HTTP][39m [37m-->[39m [37mGET[39m [37m/wd/hub/status[39m
[35m[HTTP][39m [90m{}[39m
[35m[HTTP][39m [37m<-- GET /wd/hub/status [39m[32m200[39m [90m6 ms - 68[39m
[35m[HTTP][39m [90m[39m
[35m[HTTP][39m [37m-->[39m [37mGET[39m [37m/wd/hub/status[39m
[35m[HTTP][39m [90m{}[39m
[35m[HTTP][39m [37m<-- GET /wd/hub/status [39m[32m200[39m [90m2 ms - 68[39m
[35m[HTTP][39m [90m[39m
[35m[HTTP][39m [37m-->[39m [37mPOST[39m [37m/wd/hub/session[39m
[35m[HTTP][39m [90m{"desiredCapabilities":{"app":"/Users/anuragnawal/Downloads/app-uat-debug (8).apk","noReset":true,"deviceId":"","deviceName":"emulator-5554 (sdk_gphone64_arm64 - Android 12)","fullReset":false,"platform":"ANDROID","newCommandTimeout":1800,"platformVersion":"12","automationName":"uiautomator2","autoGrantPermissions":true,"platformName":"Android","udid":"emulator-5554","systemPort":64415},"capabilities":{"firstMatch":[{"appium:app":"/Users/anuragnawal/Downloads/app-uat-debug (8).apk","appium:autoGrantPermissions":true,"appium:automationName":"uiautomator2","deviceId":"","appium:deviceName":"emulator-5554 (sdk_gphone64_arm64 - Android 12)","appium:fullReset":false,"appium:newCommandTimeout":1800,"appium:noReset":true,"platform":"ANDROID","platformName":"android","appium:platformVersion":"12","appium:systemPort":64415,"appium:udid":"emulator-5554"}]}}[39m
[35m[BaseDriver][39m The following capabilities are not standard capabilities and should have an extension prefix:
[35m[BaseDriver][39m   deviceId
[35m[BaseDriver][39m   platform
[35m[BaseDriver][39m   chromedriverPort
[35m[Appium][39m Appium v1.22.0 creating new AndroidUiautomator2Driver (v1.69.0) session
[35m[BaseDriver][39m The following capabilities were provided, but are not recognized by Appium:
[35m[BaseDriver][39m   deviceId
[35m[BaseDriver][39m   platform
[35m[BaseDriver][39m Session created with session id: 882b6e68-9311-4d3f-8647-163622f026b9
[35m[BaseDriver][39m Using local app '/Users/anuragnawal/Downloads/app-uat-debug (8).apk'
[35m[ADB][39m Found 1 'build-tools' folders under '/Users/anuragnawal/.katalon/tools/android_sdk' (newest first):
[35m[ADB][39m     /Users/anuragnawal/.katalon/tools/android_sdk/build-tools/29.0.3
[35m[ADB][39m Using 'adb' from '/Users/anuragnawal/.katalon/tools/android_sdk/platform-tools/adb'
[35m[AndroidDriver][39m Retrieving device list
[35m[AndroidDriver][39m Using device: emulator-5554
[35m[ADB][39m Using 'adb' from '/Users/anuragnawal/.katalon/tools/android_sdk/platform-tools/adb'
[35m[ADB][39m Getting device platform version
[35m[UiAutomator2][39m Relaxing hidden api policy
[35m[ADB][39m Package name: 'com.arabbank.neobank'
[35m[ADB][39m Main activity name: 'com.arabbank.neobank.ui.MainActivity'
[35m[ADB][39m Using 'apksigner.jar' from '/Users/anuragnawal/.katalon/tools/android_sdk/build-tools/29.0.3/lib/apksigner.jar'
[35m[ADB][39m '/usr/local/lib/node_modules/appium/node_modules/appium-uiautomator2-server/apks/appium-uiautomator2-server-v4.24.0.apk' is signed with the default certificate
[35m[ADB][39m '/usr/local/lib/node_modules/appium/node_modules/appium-uiautomator2-server/apks/appium-uiautomator2-server-debug-androidTest.apk' is signed with the default certificate
[35m[UiAutomator2][39m Server packages are not going to be (re)installed
[35m[ADB][39m Adding packages ["io.appium.settings","io.appium.uiautomator2.server","io.appium.uiautomator2.server.test"] to Doze whitelist
[35m[ADB][39m '/Users/anuragnawal/Downloads/app-uat-debug (8).apk' is signed with a non-default certificate
[35m[UiAutomator2][39m Starting UIAutomator2 server 4.24.0
[35m[UiAutomator2][39m Using UIAutomator2 server from '/usr/local/lib/node_modules/appium/node_modules/appium-uiautomator2-server/apks/appium-uiautomator2-server-v4.24.0.apk' and test from '/usr/local/lib/node_modules/appium/node_modules/appium-uiautomator2-server/apks/appium-uiautomator2-server-debug-androidTest.apk'
[35m[UiAutomator2][39m Waiting up to 30000ms for UiAutomator2 to be online...
[35m[WD Proxy][39m socket hang up
[35m[WD Proxy][39m socket hang up
[35m[WD Proxy][39m socket hang up
[35m[WD Proxy][39m socket hang up
[35m[WD Proxy][39m Determined the downstream protocol as 'W3C'
[35m[AndroidDriver][39m Screen already unlocked, doing nothing
[35m[UiAutomator2][39m Starting 'com.arabbank.neobank/com.arabbank.neobank.ui.MainActivity and waiting for 'com.arabbank.neobank/com.arabbank.neobank.ui.MainActivity'
[35m[Appium][39m New AndroidUiautomator2Driver session created successfully, session 882b6e68-9311-4d3f-8647-163622f026b9 added to master session list
[35m[HTTP][39m [37m<-- POST /wd/hub/session [39m[32m200[39m [90m12762 ms - 1318[39m
[35m[HTTP][39m [90m[39m
[35m[HTTP][39m [37m-->[39m [37mGET[39m [37m/wd/hub/session/882b6e68-9311-4d3f-8647-163622f026b9[39m
[35m[HTTP][39m [90m{}[39m
[35m[HTTP][39m [37m<-- GET /wd/hub/session/882b6e68-9311-4d3f-8647-163622f026b9 [39m[32m200[39m [90m18 ms - 1272[39m
[35m[HTTP][39m [90m[39m
[35m[HTTP][39m [37m-->[39m [37mGET[39m [37m/wd/hub/session/882b6e68-9311-4d3f-8647-163622f026b9[39m
[35m[HTTP][39m [90m{}[39m
[35m[HTTP][39m [37m<-- GET /wd/hub/session/882b6e68-9311-4d3f-8647-163622f026b9 [39m[32m200[39m [90m8 ms - 1272[39m
[35m[HTTP][39m [90m[39m
[35m[HTTP][39m [37m-->[39m [37mGET[39m [37m/wd/hub/status[39m
[35m[HTTP][39m [90m{}[39m
[35m[HTTP][39m [37m<-- GET /wd/hub/status [39m[32m200[39m [90m1 ms - 68[39m
[35m[HTTP][39m [90m[39m
[35m[HTTP][39m [37m-->[39m [37mPOST[39m [37m/wd/hub/session/882b6e68-9311-4d3f-8647-163622f026b9/timeouts[39m
[35m[HTTP][39m [90m{"implicit":60000}[39m
[35m[HTTP][39m [37m<-- POST /wd/hub/session/882b6e68-9311-4d3f-8647-163622f026b9/timeouts [39m[32m200[39m [90m7 ms - 14[39m
[35m[HTTP][39m [90m[39m
[35m[HTTP][39m [37m-->[39m [37mGET[39m [37m/wd/hub/session/882b6e68-9311-4d3f-8647-163622f026b9/source[39m
[35m[HTTP][39m [90m{}[39m
[35m[W3C (882b6e68)][39m Driver proxy active, passing request on via HTTP proxy
[35m[WD Proxy][39m Replacing sessionId 099292ec-9116-4e32-aa93-69f4c5494643 with 882b6e68-9311-4d3f-8647-163622f026b9
[35m[HTTP][39m [37m<-- GET /wd/hub/session/882b6e68-9311-4d3f-8647-163622f026b9/source [39m[32m200[39m [90m168 ms - 4684[39m
[35m[HTTP][39m [90m[39m
[35m[HTTP][39m [37m-->[39m [37mGET[39m [37m/wd/hub/session/882b6e68-9311-4d3f-8647-163622f026b9/screenshot[39m
[35m[HTTP][39m [90m{}[39m
[35m[HTTP][39m [37m<-- GET /wd/hub/session/882b6e68-9311-4d3f-8647-163622f026b9/screenshot [39m[32m200[39m [90m261 ms - 43068[39m
[35m[HTTP][39m [90m[39m
[35m[HTTP][39m [37m-->[39m [37mGET[39m [37m/wd/hub/session/882b6e68-9311-4d3f-8647-163622f026b9/source[39m
[35m[HTTP][39m [90m{}[39m
[35m[W3C (882b6e68)][39m Driver proxy active, passing request on via HTTP proxy
[35m[WD Proxy][39m Replacing sessionId 099292ec-9116-4e32-aa93-69f4c5494643 with 882b6e68-9311-4d3f-8647-163622f026b9
[35m[HTTP][39m [37m<-- GET /wd/hub/session/882b6e68-9311-4d3f-8647-163622f026b9/source [39m[32m200[39m [90m97 ms - 15794[39m
[35m[HTTP][39m [90m[39m
[35m[HTTP][39m [37m-->[39m [37mGET[39m [37m/wd/hub/session/882b6e68-9311-4d3f-8647-163622f026b9/screenshot[39m
[35m[HTTP][39m [90m{}[39m
[35m[HTTP][39m [37m<-- GET /wd/hub/session/882b6e68-9311-4d3f-8647-163622f026b9/screenshot [39m[32m200[39m [90m220 ms - 168550[39m
[35m[HTTP][39m [90m[39m
[35m[HTTP][39m [37m-->[39m [37mPOST[39m [37m/wd/hub/session/882b6e68-9311-4d3f-8647-163622f026b9/elements[39m
[35m[HTTP][39m [90m{"using":"xpath","value":"//*[@class = 'android.widget.EditText' and (@text = 'Email address' or . = 'Email address') and @resource-id = 'com.arabbank.neobank:id/email']"}[39m
[35m[HTTP][39m [37m<-- POST /wd/hub/session/882b6e68-9311-4d3f-8647-163622f026b9/elements [39m[32m200[39m [90m139 ms - 139[39m
[35m[HTTP][39m [90m[39m
[35m[HTTP][39m [37m-->[39m [37mGET[39m [37m/wd/hub/session/882b6e68-9311-4d3f-8647-163622f026b9/window/rect[39m
[35m[HTTP][39m [90m{}[39m
[35m[HTTP][39m [37m<-- GET /wd/hub/session/882b6e68-9311-4d3f-8647-163622f026b9/window/rect [39m[32m200[39m [90m43 ms - 50[39m
[35m[HTTP][39m [90m[39m
[35m[HTTP][39m [37m-->[39m [37mPOST[39m [37m/wd/hub/session/882b6e68-9311-4d3f-8647-163622f026b9/elements[39m
[35m[HTTP][39m [90m{"using":"xpath","value":"//*[@class = 'android.widget.EditText' and (@text = 'Email address' or . = 'Email address') and @resource-id = 'com.arabbank.neobank:id/email']"}[39m
[35m[HTTP][39m [37m<-- POST /wd/hub/session/882b6e68-9311-4d3f-8647-163622f026b9/elements [39m[32m200[39m [90m63 ms - 139[39m
[35m[HTTP][39m [90m[39m
[35m[HTTP][39m [37m-->[39m [37mGET[39m [37m/wd/hub/session/882b6e68-9311-4d3f-8647-163622f026b9/element/00000000-0000-0027-ffff-ffff00000069/location[39m
[35m[HTTP][39m [90m{}[39m
[35m[W3C (882b6e68)][39m Driver proxy active, passing request on via HTTP proxy
[35m[WD Proxy][39m Replacing sessionId 099292ec-9116-4e32-aa93-69f4c5494643 with 882b6e68-9311-4d3f-8647-163622f026b9
[35m[HTTP][39m [37m<-- GET /wd/hub/session/882b6e68-9311-4d3f-8647-163622f026b9/element/00000000-0000-0027-ffff-ffff00000069/location [39m[32m200[39m [90m21 ms - 77[39m
[35m[HTTP][39m [90m[39m
[35m[HTTP][39m [37m-->[39m [37mPOST[39m [37m/wd/hub/session/882b6e68-9311-4d3f-8647-163622f026b9/element/00000000-0000-0027-ffff-ffff00000069/clear[39m
[35m[HTTP][39m [90m{"id":"00000000-0000-0027-ffff-ffff00000069"}[39m
[35m[HTTP][39m [37m<-- POST /wd/hub/session/882b6e68-9311-4d3f-8647-163622f026b9/element/00000000-0000-0027-ffff-ffff00000069/clear [39m[32m200[39m [90m28 ms - 14[39m
[35m[HTTP][39m [90m[39m
[35m[HTTP][39m [37m-->[39m [37mPOST[39m [37m/wd/hub/session/882b6e68-9311-4d3f-8647-163622f026b9/element/00000000-0000-0027-ffff-ffff00000069/value[39m
[35m[HTTP][39m [90m{"id":"00000000-0000-0027-ffff-ffff00000069","text":"mobile1@ab.com","value":["m","o","b","i","l","e","1","@","a","b",".","c","o","m"]}[39m
[35m[HTTP][39m [37m<-- POST /wd/hub/session/882b6e68-9311-4d3f-8647-163622f026b9/element/00000000-0000-0027-ffff-ffff00000069/value [39m[32m200[39m [90m1037 ms - 14[39m
[35m[HTTP][39m [90m[39m
[35m[HTTP][39m [37m-->[39m [37mGET[39m [37m/wd/hub/session/882b6e68-9311-4d3f-8647-163622f026b9/source[39m
[35m[HTTP][39m [90m{}[39m
[35m[W3C (882b6e68)][39m Driver proxy active, passing request on via HTTP proxy
[35m[WD Proxy][39m Replacing sessionId 099292ec-9116-4e32-aa93-69f4c5494643 with 882b6e68-9311-4d3f-8647-163622f026b9
[35m[HTTP][39m [37m<-- GET /wd/hub/session/882b6e68-9311-4d3f-8647-163622f026b9/source [39m[32m200[39m [90m59 ms - 15795[39m
[35m[HTTP][39m [90m[39m
[35m[HTTP][39m [37m-->[39m [37mGET[39m [37m/wd/hub/session/882b6e68-9311-4d3f-8647-163622f026b9/screenshot[39m
[35m[HTTP][39m [90m{}[39m
[35m[HTTP][39m [37m<-- GET /wd/hub/session/882b6e68-9311-4d3f-8647-163622f026b9/screenshot [39m[32m200[39m [90m243 ms - 177706[39m
[35m[HTTP][39m [90m[39m
[35m[HTTP][39m [37m-->[39m [37mPOST[39m [37m/wd/hub/session/882b6e68-9311-4d3f-8647-163622f026b9/elements[39m
[35m[HTTP][39m [90m{"using":"xpath","value":"//*[@class = 'android.widget.EditText' and (@text = 'Password' or . = 'Password') and @resource-id = 'com.arabbank.neobank:id/password']"}[39m
[35m[HTTP][39m [37m<-- POST /wd/hub/session/882b6e68-9311-4d3f-8647-163622f026b9/elements [39m[32m200[39m [90m96 ms - 139[39m
[35m[HTTP][39m [90m[39m
[35m[HTTP][39m [37m-->[39m [37mGET[39m [37m/wd/hub/session/882b6e68-9311-4d3f-8647-163622f026b9/window/rect[39m
[35m[HTTP][39m [90m{}[39m
[35m[HTTP][39m [37m<-- GET /wd/hub/session/882b6e68-9311-4d3f-8647-163622f026b9/window/rect [39m[32m200[39m [90m35 ms - 50[39m
[35m[HTTP][39m [90m[39m
[35m[HTTP][39m [37m-->[39m [37mPOST[39m [37m/wd/hub/session/882b6e68-9311-4d3f-8647-163622f026b9/elements[39m
[35m[HTTP][39m [90m{"using":"xpath","value":"//*[@class = 'android.widget.EditText' and (@text = 'Password' or . = 'Password') and @resource-id = 'com.arabbank.neobank:id/password']"}[39m
[35m[HTTP][39m [37m<-- POST /wd/hub/session/882b6e68-9311-4d3f-8647-163622f026b9/elements [39m[32m200[39m [90m45 ms - 139[39m
[35m[HTTP][39m [90m[39m
[35m[HTTP][39m [37m-->[39m [37mGET[39m [37m/wd/hub/session/882b6e68-9311-4d3f-8647-163622f026b9/element/00000000-0000-0027-ffff-ffff00000078/location[39m
[35m[HTTP][39m [90m{}[39m
[35m[W3C (882b6e68)][39m Driver proxy active, passing request on via HTTP proxy
[35m[WD Proxy][39m Replacing sessionId 099292ec-9116-4e32-aa93-69f4c5494643 with 882b6e68-9311-4d3f-8647-163622f026b9
[35m[HTTP][39m [37m<-- GET /wd/hub/session/882b6e68-9311-4d3f-8647-163622f026b9/element/00000000-0000-0027-ffff-ffff00000078/location [39m[32m200[39m [90m9 ms - 77[39m
[35m[HTTP][39m [90m[39m
[35m[HTTP][39m [37m-->[39m [37mPOST[39m [37m/wd/hub/session/882b6e68-9311-4d3f-8647-163622f026b9/element/00000000-0000-0027-ffff-ffff00000078/clear[39m
[35m[HTTP][39m [90m{"id":"00000000-0000-0027-ffff-ffff00000078"}[39m
[35m[HTTP][39m [37m<-- POST /wd/hub/session/882b6e68-9311-4d3f-8647-163622f026b9/element/00000000-0000-0027-ffff-ffff00000078/clear [39m[32m200[39m [90m20 ms - 14[39m
[35m[HTTP][39m [90m[39m
[35m[HTTP][39m [37m-->[39m [37mPOST[39m [37m/wd/hub/session/882b6e68-9311-4d3f-8647-163622f026b9/element/00000000-0000-0027-ffff-ffff00000078/value[39m
[35m[HTTP][39m [90m{"id":"00000000-0000-0027-ffff-ffff00000078","text":"Aa@123456","value":["A","a","@","1","2","3","4","5","6"]}[39m
[35m[HTTP][39m [37m<-- POST /wd/hub/session/882b6e68-9311-4d3f-8647-163622f026b9/element/00000000-0000-0027-ffff-ffff00000078/value [39m[32m200[39m [90m1014 ms - 14[39m
[35m[HTTP][39m [90m[39m
[35m[HTTP][39m [37m-->[39m [37mGET[39m [37m/wd/hub/session/882b6e68-9311-4d3f-8647-163622f026b9/source[39m
[35m[HTTP][39m [90m{}[39m
[35m[W3C (882b6e68)][39m Driver proxy active, passing request on via HTTP proxy
[35m[WD Proxy][39m Replacing sessionId 099292ec-9116-4e32-aa93-69f4c5494643 with 882b6e68-9311-4d3f-8647-163622f026b9
[35m[HTTP][39m [37m<-- GET /wd/hub/session/882b6e68-9311-4d3f-8647-163622f026b9/source [39m[32m200[39m [90m57 ms - 15796[39m
[35m[HTTP][39m [90m[39m
[35m[HTTP][39m [37m-->[39m [37mGET[39m [37m/wd/hub/session/882b6e68-9311-4d3f-8647-163622f026b9/screenshot[39m
[35m[HTTP][39m [90m{}[39m
[35m[HTTP][39m [37m<-- GET /wd/hub/session/882b6e68-9311-4d3f-8647-163622f026b9/screenshot [39m[32m200[39m [90m305 ms - 177298[39m
[35m[HTTP][39m [90m[39m
[35m[HTTP][39m [37m-->[39m [37mPOST[39m [37m/wd/hub/session/882b6e68-9311-4d3f-8647-163622f026b9/elements[39m
[35m[HTTP][39m [90m{"using":"xpath","value":"//*[@class = 'android.widget.Button' and (@text = 'Login' or . = 'Login') and @resource-id = 'com.arabbank.neobank:id/login']"}[39m
[35m[HTTP][39m [37m<-- POST /wd/hub/session/882b6e68-9311-4d3f-8647-163622f026b9/elements [39m[32m200[39m [90m81 ms - 139[39m
[35m[HTTP][39m [90m[39m
[35m[HTTP][39m [37m-->[39m [37mGET[39m [37m/wd/hub/session/882b6e68-9311-4d3f-8647-163622f026b9/window/rect[39m
[35m[HTTP][39m [90m{}[39m
[35m[HTTP][39m [37m<-- GET /wd/hub/session/882b6e68-9311-4d3f-8647-163622f026b9/window/rect [39m[32m200[39m [90m18 ms - 50[39m
[35m[HTTP][39m [90m[39m
[35m[HTTP][39m [37m-->[39m [37mPOST[39m [37m/wd/hub/session/882b6e68-9311-4d3f-8647-163622f026b9/elements[39m
[35m[HTTP][39m [90m{"using":"xpath","value":"//*[@class = 'android.widget.Button' and (@text = 'Login' or . = 'Login') and @resource-id = 'com.arabbank.neobank:id/login']"}[39m
[35m[HTTP][39m [37m<-- POST /wd/hub/session/882b6e68-9311-4d3f-8647-163622f026b9/elements [39m[32m200[39m [90m39 ms - 139[39m
[35m[HTTP][39m [90m[39m
[35m[HTTP][39m [37m-->[39m [37mGET[39m [37m/wd/hub/session/882b6e68-9311-4d3f-8647-163622f026b9/element/00000000-0000-0027-ffff-ffff00000086/location[39m
[35m[HTTP][39m [90m{}[39m
[35m[W3C (882b6e68)][39m Driver proxy active, passing request on via HTTP proxy
[35m[WD Proxy][39m Replacing sessionId 099292ec-9116-4e32-aa93-69f4c5494643 with 882b6e68-9311-4d3f-8647-163622f026b9
[35m[HTTP][39m [37m<-- GET /wd/hub/session/882b6e68-9311-4d3f-8647-163622f026b9/element/00000000-0000-0027-ffff-ffff00000086/location [39m[32m200[39m [90m7 ms - 78[39m
[35m[HTTP][39m [90m[39m
[35m[HTTP][39m [37m-->[39m [37mPOST[39m [37m/wd/hub/session/882b6e68-9311-4d3f-8647-163622f026b9/touch/perform[39m
[35m[HTTP][39m [90m{"actions":[{"action":"tap","options":{"x":1,"y":1,"element":"00000000-0000-0027-ffff-ffff00000086"}}]}[39m
[35m[UiAutomator2][39m calling get location: 00000000-0000-0027-ffff-ffff00000086
[35m[HTTP][39m [37m<-- POST /wd/hub/session/882b6e68-9311-4d3f-8647-163622f026b9/touch/perform [39m[32m200[39m [90m187 ms - 14[39m
[35m[HTTP][39m [90m[39m
[35m[HTTP][39m [37m-->[39m [37mGET[39m [37m/wd/hub/session/882b6e68-9311-4d3f-8647-163622f026b9/source[39m
[35m[HTTP][39m [90m{}[39m
[35m[W3C (882b6e68)][39m Driver proxy active, passing request on via HTTP proxy
[35m[WD Proxy][39m Replacing sessionId 099292ec-9116-4e32-aa93-69f4c5494643 with 882b6e68-9311-4d3f-8647-163622f026b9
[35m[HTTP][39m [37m<-- GET /wd/hub/session/882b6e68-9311-4d3f-8647-163622f026b9/source [39m[32m200[39m [90m319 ms - 2377[39m
[35m[HTTP][39m [90m[39m
[35m[HTTP][39m [37m-->[39m [37mGET[39m [37m/wd/hub/session/882b6e68-9311-4d3f-8647-163622f026b9/screenshot[39m
[35m[HTTP][39m [90m{}[39m
[35m[HTTP][39m [37m<-- GET /wd/hub/session/882b6e68-9311-4d3f-8647-163622f026b9/screenshot [39m[32m200[39m [90m282 ms - 157728[39m
[35m[HTTP][39m [90m[39m
[35m[HTTP][39m [37m-->[39m [37mGET[39m [37m/wd/hub/session/882b6e68-9311-4d3f-8647-163622f026b9/source[39m
[35m[HTTP][39m [90m{}[39m
[35m[W3C (882b6e68)][39m Driver proxy active, passing request on via HTTP proxy
[35m[WD Proxy][39m Replacing sessionId 099292ec-9116-4e32-aa93-69f4c5494643 with 882b6e68-9311-4d3f-8647-163622f026b9
[35m[HTTP][39m [37m<-- GET /wd/hub/session/882b6e68-9311-4d3f-8647-163622f026b9/source [39m[32m200[39m [90m103 ms - 11398[39m
[35m[HTTP][39m [90m[39m
[35m[HTTP][39m [37m-->[39m [37mGET[39m [37m/wd/hub/session/882b6e68-9311-4d3f-8647-163622f026b9/screenshot[39m
[35m[HTTP][39m [90m{}[39m
[35m[HTTP][39m [37m<-- GET /wd/hub/session/882b6e68-9311-4d3f-8647-163622f026b9/screenshot [39m[32m200[39m [90m233 ms - 88140[39m
[35m[HTTP][39m [90m[39m
[35m[HTTP][39m [37m-->[39m [37mGET[39m [37m/wd/hub/session/882b6e68-9311-4d3f-8647-163622f026b9/source[39m
[35m[HTTP][39m [90m{}[39m
[35m[W3C (882b6e68)][39m Driver proxy active, passing request on via HTTP proxy
[35m[WD Proxy][39m Replacing sessionId 099292ec-9116-4e32-aa93-69f4c5494643 with 882b6e68-9311-4d3f-8647-163622f026b9
[35m[HTTP][39m [37m<-- GET /wd/hub/session/882b6e68-9311-4d3f-8647-163622f026b9/source [39m[32m200[39m [90m1760 ms - 11402[39m
[35m[HTTP][39m [90m[39m
[35m[HTTP][39m [37m-->[39m [37mGET[39m [37m/wd/hub/session/882b6e68-9311-4d3f-8647-163622f026b9/screenshot[39m
[35m[HTTP][39m [90m{}[39m
[35m[HTTP][39m [37m<-- GET /wd/hub/session/882b6e68-9311-4d3f-8647-163622f026b9/screenshot [39m[32m200[39m [90m247 ms - 91372[39m
[35m[HTTP][39m [90m[39m
[35m[HTTP][39m [37m-->[39m [37mPOST[39m [37m/wd/hub/session/882b6e68-9311-4d3f-8647-163622f026b9/elements[39m
[35m[HTTP][39m [90m{"using":"xpath","value":"//*[@class = 'android.widget.Button' and (@text = 'Verify' or . = 'Verify') and @resource-id = 'com.arabbank.neobank:id/verify']"}[39m
[35m[HTTP][39m [37m<-- POST /wd/hub/session/882b6e68-9311-4d3f-8647-163622f026b9/elements [39m[32m200[39m [90m782 ms - 139[39m
[35m[HTTP][39m [90m[39m
[35m[HTTP][39m [37m-->[39m [37mGET[39m [37m/wd/hub/session/882b6e68-9311-4d3f-8647-163622f026b9/window/rect[39m
[35m[HTTP][39m [90m{}[39m
[35m[HTTP][39m [37m<-- GET /wd/hub/session/882b6e68-9311-4d3f-8647-163622f026b9/window/rect [39m[32m200[39m [90m13 ms - 50[39m
[35m[HTTP][39m [90m[39m
[35m[HTTP][39m [37m-->[39m [37mPOST[39m [37m/wd/hub/session/882b6e68-9311-4d3f-8647-163622f026b9/elements[39m
[35m[HTTP][39m [90m{"using":"xpath","value":"//*[@class = 'android.widget.Button' and (@text = 'Verify' or . = 'Verify') and @resource-id = 'com.arabbank.neobank:id/verify']"}[39m
[35m[HTTP][39m [37m<-- POST /wd/hub/session/882b6e68-9311-4d3f-8647-163622f026b9/elements [39m[32m200[39m [90m937 ms - 139[39m
[35m[HTTP][39m [90m[39m
[35m[HTTP][39m [37m-->[39m [37mGET[39m [37m/wd/hub/session/882b6e68-9311-4d3f-8647-163622f026b9/element/00000000-0000-0027-ffff-ffff000000a9/location[39m
[35m[HTTP][39m [90m{}[39m
[35m[W3C (882b6e68)][39m Driver proxy active, passing request on via HTTP proxy
[35m[WD Proxy][39m Replacing sessionId 099292ec-9116-4e32-aa93-69f4c5494643 with 882b6e68-9311-4d3f-8647-163622f026b9
[35m[HTTP][39m [37m<-- GET /wd/hub/session/882b6e68-9311-4d3f-8647-163622f026b9/element/00000000-0000-0027-ffff-ffff000000a9/location [39m[32m200[39m [90m474 ms - 78[39m
[35m[HTTP][39m [90m[39m
[35m[HTTP][39m [37m-->[39m [37mPOST[39m [37m/wd/hub/session/882b6e68-9311-4d3f-8647-163622f026b9/touch/perform[39m
[35m[HTTP][39m [90m{"actions":[{"action":"tap","options":{"x":1,"y":1,"element":"00000000-0000-0027-ffff-ffff000000a9"}}]}[39m
[35m[UiAutomator2][39m calling get location: 00000000-0000-0027-ffff-ffff000000a9
[35m[HTTP][39m [37m<-- POST /wd/hub/session/882b6e68-9311-4d3f-8647-163622f026b9/touch/perform [39m[32m200[39m [90m1185 ms - 14[39m
[35m[HTTP][39m [90m[39m
[35m[HTTP][39m [37m-->[39m [37mGET[39m [37m/wd/hub/session/882b6e68-9311-4d3f-8647-163622f026b9/source[39m
[35m[HTTP][39m [90m{}[39m
[35m[W3C (882b6e68)][39m Driver proxy active, passing request on via HTTP proxy
[35m[WD Proxy][39m Replacing sessionId 099292ec-9116-4e32-aa93-69f4c5494643 with 882b6e68-9311-4d3f-8647-163622f026b9
[35m[HTTP][39m [37m<-- GET /wd/hub/session/882b6e68-9311-4d3f-8647-163622f026b9/source [39m[32m200[39m [90m76 ms - 2377[39m
[35m[HTTP][39m [90m[39m
[35m[HTTP][39m [37m-->[39m [37mGET[39m [37m/wd/hub/session/882b6e68-9311-4d3f-8647-163622f026b9/screenshot[39m
[35m[HTTP][39m [90m{}[39m
[35m[HTTP][39m [37m<-- GET /wd/hub/session/882b6e68-9311-4d3f-8647-163622f026b9/screenshot [39m[32m200[39m [90m254 ms - 89856[39m
[35m[HTTP][39m [90m[39m
[35m[HTTP][39m [37m-->[39m [37mGET[39m [37m/wd/hub/session/882b6e68-9311-4d3f-8647-163622f026b9/source[39m
[35m[HTTP][39m [90m{}[39m
[35m[W3C (882b6e68)][39m Driver proxy active, passing request on via HTTP proxy
[35m[WD Proxy][39m Replacing sessionId 099292ec-9116-4e32-aa93-69f4c5494643 with 882b6e68-9311-4d3f-8647-163622f026b9
[35m[HTTP][39m [37m<-- GET /wd/hub/session/882b6e68-9311-4d3f-8647-163622f026b9/source [39m[32m200[39m [90m65 ms - 6538[39m
[35m[HTTP][39m [90m[39m
[35m[HTTP][39m [37m-->[39m [37mGET[39m [37m/wd/hub/session/882b6e68-9311-4d3f-8647-163622f026b9/screenshot[39m
[35m[HTTP][39m [90m{}[39m
[35m[HTTP][39m [37m<-- GET /wd/hub/session/882b6e68-9311-4d3f-8647-163622f026b9/screenshot [39m[32m200[39m [90m234 ms - 108642[39m
[35m[HTTP][39m [90m[39m
[35m[HTTP][39m [37m-->[39m [37mGET[39m [37m/wd/hub/session/882b6e68-9311-4d3f-8647-163622f026b9/source[39m
[35m[HTTP][39m [90m{}[39m
[35m[W3C (882b6e68)][39m Driver proxy active, passing request on via HTTP proxy
[35m[WD Proxy][39m Replacing sessionId 099292ec-9116-4e32-aa93-69f4c5494643 with 882b6e68-9311-4d3f-8647-163622f026b9
[35m[HTTP][39m [37m<-- GET /wd/hub/session/882b6e68-9311-4d3f-8647-163622f026b9/source [39m[32m200[39m [90m39 ms - 2377[39m
[35m[HTTP][39m [90m[39m
[35m[HTTP][39m [37m-->[39m [37mGET[39m [37m/wd/hub/session/882b6e68-9311-4d3f-8647-163622f026b9/screenshot[39m
[35m[HTTP][39m [90m{}[39m
[35m[HTTP][39m [37m<-- GET /wd/hub/session/882b6e68-9311-4d3f-8647-163622f026b9/screenshot [39m[32m200[39m [90m224 ms - 106668[39m
[35m[HTTP][39m [90m[39m
[35m[HTTP][39m [37m-->[39m [37mGET[39m [37m/wd/hub/session/882b6e68-9311-4d3f-8647-163622f026b9/source[39m
[35m[HTTP][39m [90m{}[39m
[35m[W3C (882b6e68)][39m Driver proxy active, passing request on via HTTP proxy
[35m[WD Proxy][39m Replacing sessionId 099292ec-9116-4e32-aa93-69f4c5494643 with 882b6e68-9311-4d3f-8647-163622f026b9
[35m[HTTP][39m [37m<-- GET /wd/hub/session/882b6e68-9311-4d3f-8647-163622f026b9/source [39m[32m200[39m [90m394 ms - 32593[39m
[35m[HTTP][39m [90m[39m
[35m[HTTP][39m [37m-->[39m [37mGET[39m [37m/wd/hub/session/882b6e68-9311-4d3f-8647-163622f026b9/screenshot[39m
[35m[HTTP][39m [90m{}[39m
[35m[HTTP][39m [37m<-- GET /wd/hub/session/882b6e68-9311-4d3f-8647-163622f026b9/screenshot [39m[32m200[39m [90m370 ms - 721624[39m
[35m[HTTP][39m [90m[39m
[35m[HTTP][39m [37m-->[39m [37mPOST[39m [37m/wd/hub/session/882b6e68-9311-4d3f-8647-163622f026b9/elements[39m
[35m[HTTP][39m [90m{"using":"xpath","value":"//*[@class = 'android.view.ViewGroup' and (@text = '' or . = '')]"}[39m
[35m[HTTP][39m [37m<-- POST /wd/hub/session/882b6e68-9311-4d3f-8647-163622f026b9/elements [39m[32m200[39m [90m123 ms - 2059[39m
[35m[HTTP][39m [90m[39m
[35m[HTTP][39m [37m-->[39m [37mPOST[39m [37m/wd/hub/session/882b6e68-9311-4d3f-8647-163622f026b9/elements[39m
[35m[HTTP][39m [90m{"using":"-android uiautomator","value":"new UiSelector().className(\"android.view.ViewGroup\")"}[39m
[35m[HTTP][39m [37m<-- POST /wd/hub/session/882b6e68-9311-4d3f-8647-163622f026b9/elements [39m[32m200[39m [90m87 ms - 2059[39m
[35m[HTTP][39m [90m[39m
[35m[HTTP][39m [37m-->[39m [37mGET[39m [37m/wd/hub/session/882b6e68-9311-4d3f-8647-163622f026b9/window/rect[39m
[35m[HTTP][39m [90m{}[39m
[35m[HTTP][39m [37m<-- GET /wd/hub/session/882b6e68-9311-4d3f-8647-163622f026b9/window/rect [39m[32m200[39m [90m22 ms - 50[39m
[35m[HTTP][39m [90m[39m
[35m[HTTP][39m [37m-->[39m [37mPOST[39m [37m/wd/hub/session/882b6e68-9311-4d3f-8647-163622f026b9/elements[39m
[35m[HTTP][39m [90m{"using":"xpath","value":"//hierarchy/android.widget.FrameLayout[1]/android.widget.LinearLayout[1]/android.widget.FrameLayout[1]/android.widget.LinearLayout[1]/android.widget.FrameLayout[1]/androidx.drawerlayout.widget.DrawerLayout[1]/android.view.ViewGroup[1]/androidx.recyclerview.widget.RecyclerView[1]/android.view.ViewGroup[1]"}[39m
[35m[HTTP][39m [37m<-- POST /wd/hub/session/882b6e68-9311-4d3f-8647-163622f026b9/elements [39m[32m200[39m [90m47 ms - 139[39m
[35m[HTTP][39m [90m[39m
[35m[HTTP][39m [37m-->[39m [37mGET[39m [37m/wd/hub/session/882b6e68-9311-4d3f-8647-163622f026b9/element/00000000-0000-0027-ffff-ffff000000d0/location[39m
[35m[HTTP][39m [90m{}[39m
[35m[W3C (882b6e68)][39m Driver proxy active, passing request on via HTTP proxy
[35m[WD Proxy][39m Replacing sessionId 099292ec-9116-4e32-aa93-69f4c5494643 with 882b6e68-9311-4d3f-8647-163622f026b9
[35m[HTTP][39m [37m<-- GET /wd/hub/session/882b6e68-9311-4d3f-8647-163622f026b9/element/00000000-0000-0027-ffff-ffff000000d0/location [39m[32m200[39m [90m11 ms - 77[39m
[35m[HTTP][39m [90m[39m
[35m[HTTP][39m [37m-->[39m [37mGET[39m [37m/wd/hub/session/882b6e68-9311-4d3f-8647-163622f026b9/element/00000000-0000-0027-ffff-ffff000000d0/text[39m
[35m[HTTP][39m [90m{}[39m
[35m[W3C (882b6e68)][39m Driver proxy active, passing request on via HTTP proxy
[35m[WD Proxy][39m Replacing sessionId 099292ec-9116-4e32-aa93-69f4c5494643 with 882b6e68-9311-4d3f-8647-163622f026b9
[35m[HTTP][39m [37m<-- GET /wd/hub/session/882b6e68-9311-4d3f-8647-163622f026b9/element/00000000-0000-0027-ffff-ffff000000d0/text [39m[32m200[39m [90m13 ms - 63[39m
[35m[HTTP][39m [90m[39m
[35m[HTTP][39m [37m-->[39m [37mPOST[39m [37m/wd/hub/session/882b6e68-9311-4d3f-8647-163622f026b9/elements[39m
[35m[HTTP][39m [90m{"using":"xpath","value":"//*[@class = 'android.widget.TextView' and (@text = 'JOD 500.500' or . = 'JOD 500.500') and @resource-id = 'com.arabbank.neobank:id/balance']"}[39m
[35m[HTTP][39m [37m<-- POST /wd/hub/session/882b6e68-9311-4d3f-8647-163622f026b9/elements [39m[32m200[39m [90m98 ms - 139[39m
[35m[HTTP][39m [90m[39m
[35m[HTTP][39m [37m-->[39m [37mGET[39m [37m/wd/hub/session/882b6e68-9311-4d3f-8647-163622f026b9/window/rect[39m
[35m[HTTP][39m [90m{}[39m
[35m[HTTP][39m [37m<-- GET /wd/hub/session/882b6e68-9311-4d3f-8647-163622f026b9/window/rect [39m[32m200[39m [90m8 ms - 50[39m
[35m[HTTP][39m [90m[39m
[35m[HTTP][39m [37m-->[39m [37mPOST[39m [37m/wd/hub/session/882b6e68-9311-4d3f-8647-163622f026b9/elements[39m
[35m[HTTP][39m [90m{"using":"xpath","value":"//*[@class = 'android.widget.TextView' and (@text = 'JOD 500.500' or . = 'JOD 500.500') and @resource-id = 'com.arabbank.neobank:id/balance']"}[39m
[35m[HTTP][39m [37m<-- POST /wd/hub/session/882b6e68-9311-4d3f-8647-163622f026b9/elements [39m[32m200[39m [90m66 ms - 139[39m
[35m[HTTP][39m [90m[39m
[35m[HTTP][39m [37m-->[39m [37mGET[39m [37m/wd/hub/session/882b6e68-9311-4d3f-8647-163622f026b9/element/00000000-0000-0027-ffff-ffff000000d5/location[39m
[35m[HTTP][39m [90m{}[39m
[35m[W3C (882b6e68)][39m Driver proxy active, passing request on via HTTP proxy
[35m[WD Proxy][39m Replacing sessionId 099292ec-9116-4e32-aa93-69f4c5494643 with 882b6e68-9311-4d3f-8647-163622f026b9
[35m[HTTP][39m [37m<-- GET /wd/hub/session/882b6e68-9311-4d3f-8647-163622f026b9/element/00000000-0000-0027-ffff-ffff000000d5/location [39m[32m200[39m [90m11 ms - 78[39m
[35m[HTTP][39m [90m[39m
[35m[HTTP][39m [37m-->[39m [37mGET[39m [37m/wd/hub/session/882b6e68-9311-4d3f-8647-163622f026b9/element/00000000-0000-0027-ffff-ffff000000d5/text[39m
[35m[HTTP][39m [90m{}[39m
[35m[W3C (882b6e68)][39m Driver proxy active, passing request on via HTTP proxy
[35m[WD Proxy][39m Replacing sessionId 099292ec-9116-4e32-aa93-69f4c5494643 with 882b6e68-9311-4d3f-8647-163622f026b9
[35m[HTTP][39m [37m<-- GET /wd/hub/session/882b6e68-9311-4d3f-8647-163622f026b9/element/00000000-0000-0027-ffff-ffff000000d5/text [39m[32m200[39m [90m10 ms - 74[39m
[35m[HTTP][39m [90m[39m
[35m[HTTP][39m [37m-->[39m [37mGET[39m [37m/wd/hub/session/882b6e68-9311-4d3f-8647-163622f026b9/source[39m
[35m[HTTP][39m [90m{}[39m
[35m[W3C (882b6e68)][39m Driver proxy active, passing request on via HTTP proxy
[35m[WD Proxy][39m Replacing sessionId 099292ec-9116-4e32-aa93-69f4c5494643 with 882b6e68-9311-4d3f-8647-163622f026b9
[35m[HTTP][39m [37m<-- GET /wd/hub/session/882b6e68-9311-4d3f-8647-163622f026b9/source [39m[32m200[39m [90m96 ms - 32593[39m
[35m[HTTP][39m [90m[39m
[35m[HTTP][39m [37m-->[39m [37mGET[39m [37m/wd/hub/session/882b6e68-9311-4d3f-8647-163622f026b9/screenshot[39m
[35m[HTTP][39m [90m{}[39m
[35m[HTTP][39m [37m<-- GET /wd/hub/session/882b6e68-9311-4d3f-8647-163622f026b9/screenshot [39m[32m200[39m [90m374 ms - 721624[39m
[35m[HTTP][39m [90m[39m
[35m[HTTP][39m [37m-->[39m [37mPOST[39m [37m/wd/hub/session/882b6e68-9311-4d3f-8647-163622f026b9/elements[39m
[35m[HTTP][39m [90m{"using":"xpath","value":"//*[@class = 'android.widget.Button' and @resource-id = 'com.arabbank.neobank:id/add' and (@text = '' or . = '')]"}[39m
[35m[HTTP][39m [37m<-- POST /wd/hub/session/882b6e68-9311-4d3f-8647-163622f026b9/elements [39m[32m200[39m [90m95 ms - 139[39m
[35m[HTTP][39m [90m[39m
[35m[HTTP][39m [37m-->[39m [37mGET[39m [37m/wd/hub/session/882b6e68-9311-4d3f-8647-163622f026b9/window/rect[39m
[35m[HTTP][39m [90m{}[39m
[35m[HTTP][39m [37m<-- GET /wd/hub/session/882b6e68-9311-4d3f-8647-163622f026b9/window/rect [39m[32m200[39m [90m11 ms - 50[39m
[35m[HTTP][39m [90m[39m
[35m[HTTP][39m [37m-->[39m [37mPOST[39m [37m/wd/hub/session/882b6e68-9311-4d3f-8647-163622f026b9/elements[39m
[35m[HTTP][39m [90m{"using":"xpath","value":"//*[@class = 'android.widget.Button' and @resource-id = 'com.arabbank.neobank:id/add' and (@text = '' or . = '')]"}[39m
[35m[HTTP][39m [37m<-- POST /wd/hub/session/882b6e68-9311-4d3f-8647-163622f026b9/elements [39m[32m200[39m [90m50 ms - 139[39m
[35m[HTTP][39m [90m[39m
[35m[HTTP][39m [37m-->[39m [37mGET[39m [37m/wd/hub/session/882b6e68-9311-4d3f-8647-163622f026b9/element/00000000-0000-0027-ffff-ffff000000d3/location[39m
[35m[HTTP][39m [90m{}[39m
[35m[W3C (882b6e68)][39m Driver proxy active, passing request on via HTTP proxy
[35m[WD Proxy][39m Replacing sessionId 099292ec-9116-4e32-aa93-69f4c5494643 with 882b6e68-9311-4d3f-8647-163622f026b9
[35m[HTTP][39m [37m<-- GET /wd/hub/session/882b6e68-9311-4d3f-8647-163622f026b9/element/00000000-0000-0027-ffff-ffff000000d3/location [39m[32m200[39m [90m10 ms - 78[39m
[35m[HTTP][39m [90m[39m
[35m[HTTP][39m [37m-->[39m [37mPOST[39m [37m/wd/hub/session/882b6e68-9311-4d3f-8647-163622f026b9/touch/perform[39m
[35m[HTTP][39m [90m{"actions":[{"action":"tap","options":{"x":1,"y":1,"element":"00000000-0000-0027-ffff-ffff000000d3"}}]}[39m
[35m[UiAutomator2][39m calling get location: 00000000-0000-0027-ffff-ffff000000d3
[35m[HTTP][39m [37m<-- POST /wd/hub/session/882b6e68-9311-4d3f-8647-163622f026b9/touch/perform [39m[32m200[39m [90m229 ms - 14[39m
[35m[HTTP][39m [90m[39m
[35m[HTTP][39m [37m-->[39m [37mGET[39m [37m/wd/hub/session/882b6e68-9311-4d3f-8647-163622f026b9/source[39m
[35m[HTTP][39m [90m{}[39m
[35m[W3C (882b6e68)][39m Driver proxy active, passing request on via HTTP proxy
[35m[WD Proxy][39m Replacing sessionId 099292ec-9116-4e32-aa93-69f4c5494643 with 882b6e68-9311-4d3f-8647-163622f026b9
[35m[HTTP][39m [37m<-- GET /wd/hub/session/882b6e68-9311-4d3f-8647-163622f026b9/source [39m[32m200[39m [90m131 ms - 14750[39m
[35m[HTTP][39m [90m[39m
[35m[HTTP][39m [37m-->[39m [37mGET[39m [37m/wd/hub/session/882b6e68-9311-4d3f-8647-163622f026b9/screenshot[39m
[35m[HTTP][39m [90m{}[39m
[35m[HTTP][39m [37m<-- GET /wd/hub/session/882b6e68-9311-4d3f-8647-163622f026b9/screenshot [39m[32m200[39m [90m253 ms - 189332[39m
[35m[HTTP][39m [90m[39m
[35m[HTTP][39m [37m-->[39m [37mGET[39m [37m/wd/hub/session/882b6e68-9311-4d3f-8647-163622f026b9/source[39m
[35m[HTTP][39m [90m{}[39m
[35m[W3C (882b6e68)][39m Driver proxy active, passing request on via HTTP proxy
[35m[WD Proxy][39m Replacing sessionId 099292ec-9116-4e32-aa93-69f4c5494643 with 882b6e68-9311-4d3f-8647-163622f026b9
[35m[HTTP][39m [37m<-- GET /wd/hub/session/882b6e68-9311-4d3f-8647-163622f026b9/source [39m[32m200[39m [90m88 ms - 14750[39m
[35m[HTTP][39m [90m[39m
[35m[HTTP][39m [37m-->[39m [37mGET[39m [37m/wd/hub/session/882b6e68-9311-4d3f-8647-163622f026b9/screenshot[39m
[35m[HTTP][39m [90m{}[39m
[35m[HTTP][39m [37m<-- GET /wd/hub/session/882b6e68-9311-4d3f-8647-163622f026b9/screenshot [39m[32m200[39m [90m271 ms - 190202[39m
[35m[HTTP][39m [90m[39m
[35m[HTTP][39m [37m-->[39m [37mPOST[39m [37m/wd/hub/session/882b6e68-9311-4d3f-8647-163622f026b9/elements[39m
[35m[HTTP][39m [90m{"using":"xpath","value":"//*[@class = 'android.view.ViewGroup' and (@text = '' or . = '')]"}[39m
[35m[HTTP][39m [37m<-- POST /wd/hub/session/882b6e68-9311-4d3f-8647-163622f026b9/elements [39m[32m200[39m [90m66 ms - 1035[39m
[35m[HTTP][39m [90m[39m
[35m[HTTP][39m [37m-->[39m [37mPOST[39m [37m/wd/hub/session/882b6e68-9311-4d3f-8647-163622f026b9/elements[39m
[35m[HTTP][39m [90m{"using":"-android uiautomator","value":"new UiSelector().className(\"android.view.ViewGroup\")"}[39m
[35m[HTTP][39m [37m<-- POST /wd/hub/session/882b6e68-9311-4d3f-8647-163622f026b9/elements [39m[32m200[39m [90m50 ms - 1035[39m
[35m[HTTP][39m [90m[39m
[35m[HTTP][39m [37m-->[39m [37mGET[39m [37m/wd/hub/session/882b6e68-9311-4d3f-8647-163622f026b9/window/rect[39m
[35m[HTTP][39m [90m{}[39m
[35m[HTTP][39m [37m<-- GET /wd/hub/session/882b6e68-9311-4d3f-8647-163622f026b9/window/rect [39m[32m200[39m [90m13 ms - 50[39m
[35m[HTTP][39m [90m[39m
[35m[HTTP][39m [37m-->[39m [37mPOST[39m [37m/wd/hub/session/882b6e68-9311-4d3f-8647-163622f026b9/elements[39m
[35m[HTTP][39m [90m{"using":"xpath","value":"//hierarchy/android.widget.FrameLayout[1]/android.widget.LinearLayout[1]/android.widget.FrameLayout[1]/android.widget.LinearLayout[1]/android.widget.FrameLayout[1]/androidx.drawerlayout.widget.DrawerLayout[1]/android.view.ViewGroup[1]/android.widget.FrameLayout[1]/android.widget.ScrollView[1]/android.widget.LinearLayout[1]/android.view.ViewGroup[1]/androidx.recyclerview.widget.RecyclerView[1]/androidx.cardview.widget.CardView[2]/android.view.ViewGroup[1]"}[39m
[35m[HTTP][39m [37m<-- POST /wd/hub/session/882b6e68-9311-4d3f-8647-163622f026b9/elements [39m[32m200[39m [90m23 ms - 139[39m
[35m[HTTP][39m [90m[39m
[35m[HTTP][39m [37m-->[39m [37mGET[39m [37m/wd/hub/session/882b6e68-9311-4d3f-8647-163622f026b9/element/00000000-0000-0027-ffff-ffff00000104/location[39m
[35m[HTTP][39m [90m{}[39m
[35m[W3C (882b6e68)][39m Driver proxy active, passing request on via HTTP proxy
[35m[WD Proxy][39m Replacing sessionId 099292ec-9116-4e32-aa93-69f4c5494643 with 882b6e68-9311-4d3f-8647-163622f026b9
[35m[HTTP][39m [37m<-- GET /wd/hub/session/882b6e68-9311-4d3f-8647-163622f026b9/element/00000000-0000-0027-ffff-ffff00000104/location [39m[32m200[39m [90m9 ms - 78[39m
[35m[HTTP][39m [90m[39m
[35m[HTTP][39m [37m-->[39m [37mPOST[39m [37m/wd/hub/session/882b6e68-9311-4d3f-8647-163622f026b9/touch/perform[39m
[35m[HTTP][39m [90m{"actions":[{"action":"tap","options":{"x":1,"y":1,"element":"00000000-0000-0027-ffff-ffff00000104"}}]}[39m
[35m[UiAutomator2][39m calling get location: 00000000-0000-0027-ffff-ffff00000104
[35m[HTTP][39m [37m<-- POST /wd/hub/session/882b6e68-9311-4d3f-8647-163622f026b9/touch/perform [39m[32m200[39m [90m192 ms - 14[39m
[35m[HTTP][39m [90m[39m
[35m[HTTP][39m [37m-->[39m [37mGET[39m [37m/wd/hub/session/882b6e68-9311-4d3f-8647-163622f026b9/source[39m
[35m[HTTP][39m [90m{}[39m
[35m[W3C (882b6e68)][39m Driver proxy active, passing request on via HTTP proxy
[35m[WD Proxy][39m Replacing sessionId 099292ec-9116-4e32-aa93-69f4c5494643 with 882b6e68-9311-4d3f-8647-163622f026b9
[35m[HTTP][39m [37m<-- GET /wd/hub/session/882b6e68-9311-4d3f-8647-163622f026b9/source [39m[32m200[39m [90m63 ms - 9637[39m
[35m[HTTP][39m [90m[39m
[35m[HTTP][39m [37m-->[39m [37mGET[39m [37m/wd/hub/session/882b6e68-9311-4d3f-8647-163622f026b9/screenshot[39m
[35m[HTTP][39m [90m{}[39m
[35m[HTTP][39m [37m<-- GET /wd/hub/session/882b6e68-9311-4d3f-8647-163622f026b9/screenshot [39m[32m200[39m [90m228 ms - 103290[39m
[35m[HTTP][39m [90m[39m
[35m[HTTP][39m [37m-->[39m [37mGET[39m [37m/wd/hub/session/882b6e68-9311-4d3f-8647-163622f026b9/source[39m
[35m[HTTP][39m [90m{}[39m
[35m[W3C (882b6e68)][39m Driver proxy active, passing request on via HTTP proxy
[35m[WD Proxy][39m Replacing sessionId 099292ec-9116-4e32-aa93-69f4c5494643 with 882b6e68-9311-4d3f-8647-163622f026b9
[35m[HTTP][39m [37m<-- GET /wd/hub/session/882b6e68-9311-4d3f-8647-163622f026b9/source [39m[32m200[39m [90m44 ms - 9637[39m
[35m[HTTP][39m [90m[39m
[35m[HTTP][39m [37m-->[39m [37mGET[39m [37m/wd/hub/session/882b6e68-9311-4d3f-8647-163622f026b9/screenshot[39m
[35m[HTTP][39m [90m{}[39m
[35m[HTTP][39m [37m<-- GET /wd/hub/session/882b6e68-9311-4d3f-8647-163622f026b9/screenshot [39m[32m200[39m [90m213 ms - 103290[39m
[35m[HTTP][39m [90m[39m
[35m[HTTP][39m [37m-->[39m [37mPOST[39m [37m/wd/hub/session/882b6e68-9311-4d3f-8647-163622f026b9/elements[39m
[35m[HTTP][39m [90m{"using":"xpath","value":"//*[@class = 'android.widget.EditText' and (@text = '0' or . = '0') and @resource-id = 'com.arabbank.neobank:id/amountValue']"}[39m
[35m[HTTP][39m [37m<-- POST /wd/hub/session/882b6e68-9311-4d3f-8647-163622f026b9/elements [39m[32m200[39m [90m57 ms - 139[39m
[35m[HTTP][39m [90m[39m
[35m[HTTP][39m [37m-->[39m [37mGET[39m [37m/wd/hub/session/882b6e68-9311-4d3f-8647-163622f026b9/window/rect[39m
[35m[HTTP][39m [90m{}[39m
[35m[HTTP][39m [37m<-- GET /wd/hub/session/882b6e68-9311-4d3f-8647-163622f026b9/window/rect [39m[32m200[39m [90m18 ms - 50[39m
[35m[HTTP][39m [90m[39m
[35m[HTTP][39m [37m-->[39m [37mPOST[39m [37m/wd/hub/session/882b6e68-9311-4d3f-8647-163622f026b9/elements[39m
[35m[HTTP][39m [90m{"using":"xpath","value":"//*[@class = 'android.widget.EditText' and (@text = '0' or . = '0') and @resource-id = 'com.arabbank.neobank:id/amountValue']"}[39m
[35m[HTTP][39m [37m<-- POST /wd/hub/session/882b6e68-9311-4d3f-8647-163622f026b9/elements [39m[32m200[39m [90m34 ms - 139[39m
[35m[HTTP][39m [90m[39m
[35m[HTTP][39m [37m-->[39m [37mGET[39m [37m/wd/hub/session/882b6e68-9311-4d3f-8647-163622f026b9/element/00000000-0000-0027-ffff-ffff00000116/location[39m
[35m[HTTP][39m [90m{}[39m
[35m[W3C (882b6e68)][39m Driver proxy active, passing request on via HTTP proxy
[35m[WD Proxy][39m Replacing sessionId 099292ec-9116-4e32-aa93-69f4c5494643 with 882b6e68-9311-4d3f-8647-163622f026b9
[35m[HTTP][39m [37m<-- GET /wd/hub/session/882b6e68-9311-4d3f-8647-163622f026b9/element/00000000-0000-0027-ffff-ffff00000116/location [39m[32m200[39m [90m7 ms - 79[39m
[35m[HTTP][39m [90m[39m
[35m[HTTP][39m [37m-->[39m [37mPOST[39m [37m/wd/hub/session/882b6e68-9311-4d3f-8647-163622f026b9/element/00000000-0000-0027-ffff-ffff00000116/clear[39m
[35m[HTTP][39m [90m{"id":"00000000-0000-0027-ffff-ffff00000116"}[39m
[35m[HTTP][39m [37m<-- POST /wd/hub/session/882b6e68-9311-4d3f-8647-163622f026b9/element/00000000-0000-0027-ffff-ffff00000116/clear [39m[32m200[39m [90m19 ms - 14[39m
[35m[HTTP][39m [90m[39m
[35m[HTTP][39m [37m-->[39m [37mPOST[39m [37m/wd/hub/session/882b6e68-9311-4d3f-8647-163622f026b9/element/00000000-0000-0027-ffff-ffff00000116/value[39m
[35m[HTTP][39m [90m{"id":"00000000-0000-0027-ffff-ffff00000116","text":"50","value":["5","0"]}[39m
[35m[HTTP][39m [37m<-- POST /wd/hub/session/882b6e68-9311-4d3f-8647-163622f026b9/element/00000000-0000-0027-ffff-ffff00000116/value [39m[32m200[39m [90m1006 ms - 14[39m
[35m[HTTP][39m [90m[39m
[35m[HTTP][39m [37m-->[39m [37mGET[39m [37m/wd/hub/session/882b6e68-9311-4d3f-8647-163622f026b9/source[39m
[35m[HTTP][39m [90m{}[39m
[35m[W3C (882b6e68)][39m Driver proxy active, passing request on via HTTP proxy
[35m[WD Proxy][39m Replacing sessionId 099292ec-9116-4e32-aa93-69f4c5494643 with 882b6e68-9311-4d3f-8647-163622f026b9
[35m[HTTP][39m [37m<-- GET /wd/hub/session/882b6e68-9311-4d3f-8647-163622f026b9/source [39m[32m200[39m [90m82 ms - 9637[39m
[35m[HTTP][39m [90m[39m
[35m[HTTP][39m [37m-->[39m [37mGET[39m [37m/wd/hub/session/882b6e68-9311-4d3f-8647-163622f026b9/screenshot[39m
[35m[HTTP][39m [90m{}[39m
[35m[HTTP][39m [37m<-- GET /wd/hub/session/882b6e68-9311-4d3f-8647-163622f026b9/screenshot [39m[32m200[39m [90m227 ms - 108154[39m
[35m[HTTP][39m [90m[39m
[35m[HTTP][39m [37m-->[39m [37mPOST[39m [37m/wd/hub/session/882b6e68-9311-4d3f-8647-163622f026b9/elements[39m
[35m[HTTP][39m [90m{"using":"xpath","value":"//*[@class = 'android.widget.Button' and (@text = 'Next' or . = 'Next') and @resource-id = 'com.arabbank.neobank:id/next']"}[39m
[35m[HTTP][39m [37m<-- POST /wd/hub/session/882b6e68-9311-4d3f-8647-163622f026b9/elements [39m[32m200[39m [90m72 ms - 139[39m
[35m[HTTP][39m [90m[39m
[35m[HTTP][39m [37m-->[39m [37mGET[39m [37m/wd/hub/session/882b6e68-9311-4d3f-8647-163622f026b9/window/rect[39m
[35m[HTTP][39m [90m{}[39m
[35m[HTTP][39m [37m<-- GET /wd/hub/session/882b6e68-9311-4d3f-8647-163622f026b9/window/rect [39m[32m200[39m [90m6 ms - 50[39m
[35m[HTTP][39m [90m[39m
[35m[HTTP][39m [37m-->[39m [37mPOST[39m [37m/wd/hub/session/882b6e68-9311-4d3f-8647-163622f026b9/elements[39m
[35m[HTTP][39m [90m{"using":"xpath","value":"//*[@class = 'android.widget.Button' and (@text = 'Next' or . = 'Next') and @resource-id = 'com.arabbank.neobank:id/next']"}[39m
[35m[HTTP][39m [37m<-- POST /wd/hub/session/882b6e68-9311-4d3f-8647-163622f026b9/elements [39m[32m200[39m [90m26 ms - 139[39m
[35m[HTTP][39m [90m[39m
[35m[HTTP][39m [37m-->[39m [37mGET[39m [37m/wd/hub/session/882b6e68-9311-4d3f-8647-163622f026b9/element/00000000-0000-0027-ffff-ffff00000118/location[39m
[35m[HTTP][39m [90m{}[39m
[35m[W3C (882b6e68)][39m Driver proxy active, passing request on via HTTP proxy
[35m[WD Proxy][39m Replacing sessionId 099292ec-9116-4e32-aa93-69f4c5494643 with 882b6e68-9311-4d3f-8647-163622f026b9
[35m[HTTP][39m [37m<-- GET /wd/hub/session/882b6e68-9311-4d3f-8647-163622f026b9/element/00000000-0000-0027-ffff-ffff00000118/location [39m[32m200[39m [90m6 ms - 78[39m
[35m[HTTP][39m [90m[39m
[35m[HTTP][39m [37m-->[39m [37mPOST[39m [37m/wd/hub/session/882b6e68-9311-4d3f-8647-163622f026b9/touch/perform[39m
[35m[HTTP][39m [90m{"actions":[{"action":"tap","options":{"x":1,"y":1,"element":"00000000-0000-0027-ffff-ffff00000118"}}]}[39m
[35m[UiAutomator2][39m calling get location: 00000000-0000-0027-ffff-ffff00000118
[35m[HTTP][39m [37m<-- POST /wd/hub/session/882b6e68-9311-4d3f-8647-163622f026b9/touch/perform [39m[32m200[39m [90m173 ms - 14[39m
[35m[HTTP][39m [90m[39m
[35m[HTTP][39m [37m-->[39m [37mGET[39m [37m/wd/hub/session/882b6e68-9311-4d3f-8647-163622f026b9/source[39m
[35m[HTTP][39m [90m{}[39m
[35m[W3C (882b6e68)][39m Driver proxy active, passing request on via HTTP proxy
[35m[WD Proxy][39m Replacing sessionId 099292ec-9116-4e32-aa93-69f4c5494643 with 882b6e68-9311-4d3f-8647-163622f026b9
[35m[HTTP][39m [37m<-- GET /wd/hub/session/882b6e68-9311-4d3f-8647-163622f026b9/source [39m[32m200[39m [90m87 ms - 4516[39m
[35m[HTTP][39m [90m[39m
[35m[HTTP][39m [37m-->[39m [37mGET[39m [37m/wd/hub/session/882b6e68-9311-4d3f-8647-163622f026b9/screenshot[39m
[35m[HTTP][39m [90m{}[39m
[35m[HTTP][39m [37m<-- GET /wd/hub/session/882b6e68-9311-4d3f-8647-163622f026b9/screenshot [39m[32m200[39m [90m261 ms - 138688[39m
[35m[HTTP][39m [90m[39m
[35m[HTTP][39m [37m-->[39m [37mGET[39m [37m/wd/hub/session/882b6e68-9311-4d3f-8647-163622f026b9/source[39m
[35m[HTTP][39m [90m{}[39m
[35m[W3C (882b6e68)][39m Driver proxy active, passing request on via HTTP proxy
[35m[WD Proxy][39m Replacing sessionId 099292ec-9116-4e32-aa93-69f4c5494643 with 882b6e68-9311-4d3f-8647-163622f026b9
[35m[HTTP][39m [37m<-- GET /wd/hub/session/882b6e68-9311-4d3f-8647-163622f026b9/source [39m[32m200[39m [90m48 ms - 4516[39m
[35m[HTTP][39m [90m[39m
[35m[HTTP][39m [37m-->[39m [37mGET[39m [37m/wd/hub/session/882b6e68-9311-4d3f-8647-163622f026b9/screenshot[39m
[35m[HTTP][39m [90m{}[39m
[35m[HTTP][39m [37m<-- GET /wd/hub/session/882b6e68-9311-4d3f-8647-163622f026b9/screenshot [39m[32m200[39m [90m218 ms - 135738[39m
[35m[HTTP][39m [90m[39m
[35m[HTTP][39m [37m-->[39m [37mPOST[39m [37m/wd/hub/session/882b6e68-9311-4d3f-8647-163622f026b9/elements[39m
[35m[HTTP][39m [90m{"using":"xpath","value":"//*[@class = 'android.widget.Button' and (@text = 'Yes' or . = 'Yes') and @resource-id = 'com.arabbank.neobank:id/confirm']"}[39m
[35m[HTTP][39m [37m<-- POST /wd/hub/session/882b6e68-9311-4d3f-8647-163622f026b9/elements [39m[32m200[39m [90m59 ms - 139[39m
[35m[HTTP][39m [90m[39m
[35m[HTTP][39m [37m-->[39m [37mGET[39m [37m/wd/hub/session/882b6e68-9311-4d3f-8647-163622f026b9/window/rect[39m
[35m[HTTP][39m [90m{}[39m
[35m[HTTP][39m [37m<-- GET /wd/hub/session/882b6e68-9311-4d3f-8647-163622f026b9/window/rect [39m[32m200[39m [90m9 ms - 50[39m
[35m[HTTP][39m [90m[39m
[35m[HTTP][39m [37m-->[39m [37mPOST[39m [37m/wd/hub/session/882b6e68-9311-4d3f-8647-163622f026b9/elements[39m
[35m[HTTP][39m [90m{"using":"xpath","value":"//*[@class = 'android.widget.Button' and (@text = 'Yes' or . = 'Yes') and @resource-id = 'com.arabbank.neobank:id/confirm']"}[39m
[35m[HTTP][39m [37m<-- POST /wd/hub/session/882b6e68-9311-4d3f-8647-163622f026b9/elements [39m[32m200[39m [90m18 ms - 139[39m
[35m[HTTP][39m [90m[39m
[35m[HTTP][39m [37m-->[39m [37mGET[39m [37m/wd/hub/session/882b6e68-9311-4d3f-8647-163622f026b9/element/00000000-0000-002c-ffff-ffff00000120/location[39m
[35m[HTTP][39m [90m{}[39m
[35m[W3C (882b6e68)][39m Driver proxy active, passing request on via HTTP proxy
[35m[WD Proxy][39m Replacing sessionId 099292ec-9116-4e32-aa93-69f4c5494643 with 882b6e68-9311-4d3f-8647-163622f026b9
[35m[HTTP][39m [37m<-- GET /wd/hub/session/882b6e68-9311-4d3f-8647-163622f026b9/element/00000000-0000-002c-ffff-ffff00000120/location [39m[32m200[39m [90m7 ms - 79[39m
[35m[HTTP][39m [90m[39m
[35m[HTTP][39m [37m-->[39m [37mPOST[39m [37m/wd/hub/session/882b6e68-9311-4d3f-8647-163622f026b9/touch/perform[39m
[35m[HTTP][39m [90m{"actions":[{"action":"tap","options":{"x":1,"y":1,"element":"00000000-0000-002c-ffff-ffff00000120"}}]}[39m
[35m[UiAutomator2][39m calling get location: 00000000-0000-002c-ffff-ffff00000120
[35m[HTTP][39m [37m<-- POST /wd/hub/session/882b6e68-9311-4d3f-8647-163622f026b9/touch/perform [39m[32m200[39m [90m195 ms - 14[39m
[35m[HTTP][39m [90m[39m
[35m[HTTP][39m [37m-->[39m [37mGET[39m [37m/wd/hub/session/882b6e68-9311-4d3f-8647-163622f026b9/source[39m
[35m[HTTP][39m [90m{}[39m
[35m[W3C (882b6e68)][39m Driver proxy active, passing request on via HTTP proxy
[35m[WD Proxy][39m Replacing sessionId 099292ec-9116-4e32-aa93-69f4c5494643 with 882b6e68-9311-4d3f-8647-163622f026b9
[35m[HTTP][39m [37m<-- GET /wd/hub/session/882b6e68-9311-4d3f-8647-163622f026b9/source [39m[32m200[39m [90m70 ms - 2377[39m
[35m[HTTP][39m [90m[39m
[35m[HTTP][39m [37m-->[39m [37mGET[39m [37m/wd/hub/session/882b6e68-9311-4d3f-8647-163622f026b9/screenshot[39m
[35m[HTTP][39m [90m{}[39m
[35m[HTTP][39m [37m<-- GET /wd/hub/session/882b6e68-9311-4d3f-8647-163622f026b9/screenshot [39m[32m200[39m [90m318 ms - 93022[39m
[35m[HTTP][39m [90m[39m
[35m[HTTP][39m [37m-->[39m [37mGET[39m [37m/wd/hub/session/882b6e68-9311-4d3f-8647-163622f026b9/source[39m
[35m[HTTP][39m [90m{}[39m
[35m[W3C (882b6e68)][39m Driver proxy active, passing request on via HTTP proxy
[35m[WD Proxy][39m Replacing sessionId 099292ec-9116-4e32-aa93-69f4c5494643 with 882b6e68-9311-4d3f-8647-163622f026b9
[35m[HTTP][39m [37m<-- GET /wd/hub/session/882b6e68-9311-4d3f-8647-163622f026b9/source [39m[32m200[39m [90m82 ms - 10212[39m
[35m[HTTP][39m [90m[39m
[35m[HTTP][39m [37m-->[39m [37mGET[39m [37m/wd/hub/session/882b6e68-9311-4d3f-8647-163622f026b9/screenshot[39m
[35m[HTTP][39m [90m{}[39m
[35m[HTTP][39m [37m<-- GET /wd/hub/session/882b6e68-9311-4d3f-8647-163622f026b9/screenshot [39m[32m200[39m [90m212 ms - 90562[39m
[35m[HTTP][39m [90m[39m
[35m[HTTP][39m [37m-->[39m [37mPOST[39m [37m/wd/hub/session/882b6e68-9311-4d3f-8647-163622f026b9/elements[39m
[35m[HTTP][39m [90m{"using":"xpath","value":"//*[@class = 'android.widget.EditText' and (@text = 'Card Number' or . = 'Card Number') and @resource-id = 'com.arabbank.neobank:id/cardNo']"}[39m
[35m[HTTP][39m [37m<-- POST /wd/hub/session/882b6e68-9311-4d3f-8647-163622f026b9/elements [39m[32m200[39m [90m59 ms - 139[39m
[35m[HTTP][39m [90m[39m
[35m[HTTP][39m [37m-->[39m [37mGET[39m [37m/wd/hub/session/882b6e68-9311-4d3f-8647-163622f026b9/window/rect[39m
[35m[HTTP][39m [90m{}[39m
[35m[HTTP][39m [37m<-- GET /wd/hub/session/882b6e68-9311-4d3f-8647-163622f026b9/window/rect [39m[32m200[39m [90m8 ms - 50[39m
[35m[HTTP][39m [90m[39m
[35m[HTTP][39m [37m-->[39m [37mPOST[39m [37m/wd/hub/session/882b6e68-9311-4d3f-8647-163622f026b9/elements[39m
[35m[HTTP][39m [90m{"using":"xpath","value":"//*[@class = 'android.widget.EditText' and (@text = 'Card Number' or . = 'Card Number') and @resource-id = 'com.arabbank.neobank:id/cardNo']"}[39m
[35m[HTTP][39m [37m<-- POST /wd/hub/session/882b6e68-9311-4d3f-8647-163622f026b9/elements [39m[32m200[39m [90m46 ms - 139[39m
[35m[HTTP][39m [90m[39m
[35m[HTTP][39m [37m-->[39m [37mGET[39m [37m/wd/hub/session/882b6e68-9311-4d3f-8647-163622f026b9/element/00000000-0000-0027-ffff-ffff0000012b/location[39m
[35m[HTTP][39m [90m{}[39m
[35m[W3C (882b6e68)][39m Driver proxy active, passing request on via HTTP proxy
[35m[WD Proxy][39m Replacing sessionId 099292ec-9116-4e32-aa93-69f4c5494643 with 882b6e68-9311-4d3f-8647-163622f026b9
[35m[HTTP][39m [37m<-- GET /wd/hub/session/882b6e68-9311-4d3f-8647-163622f026b9/element/00000000-0000-0027-ffff-ffff0000012b/location [39m[32m200[39m [90m31 ms - 77[39m
[35m[HTTP][39m [90m[39m
[35m[HTTP][39m [37m-->[39m [37mPOST[39m [37m/wd/hub/session/882b6e68-9311-4d3f-8647-163622f026b9/element/00000000-0000-0027-ffff-ffff0000012b/clear[39m
[35m[HTTP][39m [90m{"id":"00000000-0000-0027-ffff-ffff0000012b"}[39m
[35m[HTTP][39m [37m<-- POST /wd/hub/session/882b6e68-9311-4d3f-8647-163622f026b9/element/00000000-0000-0027-ffff-ffff0000012b/clear [39m[32m200[39m [90m38 ms - 14[39m
[35m[HTTP][39m [90m[39m
[35m[HTTP][39m [37m-->[39m [37mPOST[39m [37m/wd/hub/session/882b6e68-9311-4d3f-8647-163622f026b9/element/00000000-0000-0027-ffff-ffff0000012b/value[39m
[35m[HTTP][39m [90m{"id":"00000000-0000-0027-ffff-ffff0000012b","text":"4475220041777659","value":["4","4","7","5","2","2","0","0","4","1","7","7","7","6","5","9"]}[39m
[35m[HTTP][39m [37m<-- POST /wd/hub/session/882b6e68-9311-4d3f-8647-163622f026b9/element/00000000-0000-0027-ffff-ffff0000012b/value [39m[32m200[39m [90m533 ms - 14[39m
[35m[HTTP][39m [90m[39m
[35m[HTTP][39m [37m-->[39m [37mGET[39m [37m/wd/hub/session/882b6e68-9311-4d3f-8647-163622f026b9/source[39m
[35m[HTTP][39m [90m{}[39m
[35m[W3C (882b6e68)][39m Driver proxy active, passing request on via HTTP proxy
[35m[WD Proxy][39m Replacing sessionId 099292ec-9116-4e32-aa93-69f4c5494643 with 882b6e68-9311-4d3f-8647-163622f026b9
[35m[HTTP][39m [37m<-- GET /wd/hub/session/882b6e68-9311-4d3f-8647-163622f026b9/source [39m[32m200[39m [90m71 ms - 10216[39m
[35m[HTTP][39m [90m[39m
[35m[HTTP][39m [37m-->[39m [37mGET[39m [37m/wd/hub/session/882b6e68-9311-4d3f-8647-163622f026b9/screenshot[39m
[35m[HTTP][39m [90m{}[39m
[35m[HTTP][39m [37m<-- GET /wd/hub/session/882b6e68-9311-4d3f-8647-163622f026b9/screenshot [39m[32m200[39m [90m226 ms - 98658[39m
[35m[HTTP][39m [90m[39m
[35m[HTTP][39m [37m-->[39m [37mPOST[39m [37m/wd/hub/session/882b6e68-9311-4d3f-8647-163622f026b9/elements[39m
[35m[HTTP][39m [90m{"using":"xpath","value":"//*[@class = 'android.widget.Button' and (@text = 'Submit' or . = 'Submit') and @resource-id = 'com.arabbank.neobank:id/submit']"}[39m
[35m[HTTP][39m [37m<-- POST /wd/hub/session/882b6e68-9311-4d3f-8647-163622f026b9/elements [39m[32m200[39m [90m41 ms - 139[39m
[35m[HTTP][39m [90m[39m
[35m[HTTP][39m [37m-->[39m [37mGET[39m [37m/wd/hub/session/882b6e68-9311-4d3f-8647-163622f026b9/window/rect[39m
[35m[HTTP][39m [90m{}[39m
[35m[HTTP][39m [37m<-- GET /wd/hub/session/882b6e68-9311-4d3f-8647-163622f026b9/window/rect [39m[32m200[39m [90m17 ms - 50[39m
[35m[HTTP][39m [90m[39m
[35m[HTTP][39m [37m-->[39m [37mPOST[39m [37m/wd/hub/session/882b6e68-9311-4d3f-8647-163622f026b9/elements[39m
[35m[HTTP][39m [90m{"using":"xpath","value":"//*[@class = 'android.widget.Button' and (@text = 'Submit' or . = 'Submit') and @resource-id = 'com.arabbank.neobank:id/submit']"}[39m
[35m[HTTP][39m [37m<-- POST /wd/hub/session/882b6e68-9311-4d3f-8647-163622f026b9/elements [39m[32m200[39m [90m30 ms - 139[39m
[35m[HTTP][39m [90m[39m
[35m[HTTP][39m [37m-->[39m [37mGET[39m [37m/wd/hub/session/882b6e68-9311-4d3f-8647-163622f026b9/element/00000000-0000-0027-ffff-ffff0000013c/location[39m
[35m[HTTP][39m [90m{}[39m
[35m[W3C (882b6e68)][39m Driver proxy active, passing request on via HTTP proxy
[35m[WD Proxy][39m Replacing sessionId 099292ec-9116-4e32-aa93-69f4c5494643 with 882b6e68-9311-4d3f-8647-163622f026b9
[35m[HTTP][39m [37m<-- GET /wd/hub/session/882b6e68-9311-4d3f-8647-163622f026b9/element/00000000-0000-0027-ffff-ffff0000013c/location [39m[32m200[39m [90m10 ms - 78[39m
[35m[HTTP][39m [90m[39m
[35m[HTTP][39m [37m-->[39m [37mPOST[39m [37m/wd/hub/session/882b6e68-9311-4d3f-8647-163622f026b9/touch/perform[39m
[35m[HTTP][39m [90m{"actions":[{"action":"tap","options":{"x":1,"y":1,"element":"00000000-0000-0027-ffff-ffff0000013c"}}]}[39m
[35m[UiAutomator2][39m calling get location: 00000000-0000-0027-ffff-ffff0000013c
[35m[HTTP][39m [37m<-- POST /wd/hub/session/882b6e68-9311-4d3f-8647-163622f026b9/touch/perform [39m[32m200[39m [90m217 ms - 14[39m
[35m[HTTP][39m [90m[39m
[35m[HTTP][39m [37m-->[39m [37mGET[39m [37m/wd/hub/session/882b6e68-9311-4d3f-8647-163622f026b9/source[39m
[35m[HTTP][39m [90m{}[39m
[35m[W3C (882b6e68)][39m Driver proxy active, passing request on via HTTP proxy
[35m[WD Proxy][39m Replacing sessionId 099292ec-9116-4e32-aa93-69f4c5494643 with 882b6e68-9311-4d3f-8647-163622f026b9
[35m[HTTP][39m [37m<-- GET /wd/hub/session/882b6e68-9311-4d3f-8647-163622f026b9/source [39m[32m200[39m [90m32 ms - 2377[39m
[35m[HTTP][39m [90m[39m
[35m[HTTP][39m [37m-->[39m [37mGET[39m [37m/wd/hub/session/882b6e68-9311-4d3f-8647-163622f026b9/screenshot[39m
[35m[HTTP][39m [90m{}[39m
[35m[HTTP][39m [37m<-- GET /wd/hub/session/882b6e68-9311-4d3f-8647-163622f026b9/screenshot [39m[32m200[39m [90m255 ms - 97402[39m
[35m[HTTP][39m [90m[39m
[35m[HTTP][39m [37m-->[39m [37mGET[39m [37m/wd/hub/session/882b6e68-9311-4d3f-8647-163622f026b9/source[39m
[35m[HTTP][39m [90m{}[39m
[35m[W3C (882b6e68)][39m Driver proxy active, passing request on via HTTP proxy
[35m[WD Proxy][39m Replacing sessionId 099292ec-9116-4e32-aa93-69f4c5494643 with 882b6e68-9311-4d3f-8647-163622f026b9
[35m[HTTP][39m [37m<-- GET /wd/hub/session/882b6e68-9311-4d3f-8647-163622f026b9/source [39m[32m200[39m [90m1118 ms - 11450[39m
[35m[HTTP][39m [90m[39m
[35m[HTTP][39m [37m-->[39m [37mGET[39m [37m/wd/hub/session/882b6e68-9311-4d3f-8647-163622f026b9/screenshot[39m
[35m[HTTP][39m [90m{}[39m
[35m[HTTP][39m [37m<-- GET /wd/hub/session/882b6e68-9311-4d3f-8647-163622f026b9/screenshot [39m[32m200[39m [90m234 ms - 99316[39m
[35m[HTTP][39m [90m[39m
[35m[HTTP][39m [37m-->[39m [37mPOST[39m [37m/wd/hub/session/882b6e68-9311-4d3f-8647-163622f026b9/elements[39m
[35m[HTTP][39m [90m{"using":"xpath","value":"//*[@class = 'android.widget.EditText' and @resource-id = 'com.arabbank.neobank:id/pinCode1' and (@text = '' or . = '')]"}[39m
[35m[HTTP][39m [37m<-- POST /wd/hub/session/882b6e68-9311-4d3f-8647-163622f026b9/elements [39m[32m200[39m [90m522 ms - 139[39m
[35m[HTTP][39m [90m[39m
[35m[HTTP][39m [37m-->[39m [37mGET[39m [37m/wd/hub/session/882b6e68-9311-4d3f-8647-163622f026b9/window/rect[39m
[35m[HTTP][39m [90m{}[39m
[35m[HTTP][39m [37m<-- GET /wd/hub/session/882b6e68-9311-4d3f-8647-163622f026b9/window/rect [39m[32m200[39m [90m18 ms - 50[39m
[35m[HTTP][39m [90m[39m
[35m[HTTP][39m [37m-->[39m [37mPOST[39m [37m/wd/hub/session/882b6e68-9311-4d3f-8647-163622f026b9/elements[39m
[35m[HTTP][39m [90m{"using":"xpath","value":"//*[@class = 'android.widget.EditText' and @resource-id = 'com.arabbank.neobank:id/pinCode1' and (@text = '' or . = '')]"}[39m
[35m[HTTP][39m [37m<-- POST /wd/hub/session/882b6e68-9311-4d3f-8647-163622f026b9/elements [39m[32m200[39m [90m929 ms - 139[39m
[35m[HTTP][39m [90m[39m
[35m[HTTP][39m [37m-->[39m [37mGET[39m [37m/wd/hub/session/882b6e68-9311-4d3f-8647-163622f026b9/element/00000000-0000-0027-ffff-ffff00000143/location[39m
[35m[HTTP][39m [90m{}[39m
[35m[W3C (882b6e68)][39m Driver proxy active, passing request on via HTTP proxy
[35m[WD Proxy][39m Replacing sessionId 099292ec-9116-4e32-aa93-69f4c5494643 with 882b6e68-9311-4d3f-8647-163622f026b9
[35m[HTTP][39m [37m<-- GET /wd/hub/session/882b6e68-9311-4d3f-8647-163622f026b9/element/00000000-0000-0027-ffff-ffff00000143/location [39m[32m200[39m [90m2996 ms - 77[39m
[35m[HTTP][39m [90m[39m
[35m[HTTP][39m [37m-->[39m [37mPOST[39m [37m/wd/hub/session/882b6e68-9311-4d3f-8647-163622f026b9/element/00000000-0000-0027-ffff-ffff00000143/clear[39m
[35m[HTTP][39m [90m{"id":"00000000-0000-0027-ffff-ffff00000143"}[39m
[35m[HTTP][39m [37m<-- POST /wd/hub/session/882b6e68-9311-4d3f-8647-163622f026b9/element/00000000-0000-0027-ffff-ffff00000143/clear [39m[32m200[39m [90m481 ms - 14[39m
[35m[HTTP][39m [90m[39m
[35m[HTTP][39m [37m-->[39m [37mPOST[39m [37m/wd/hub/session/882b6e68-9311-4d3f-8647-163622f026b9/element/00000000-0000-0027-ffff-ffff00000143/value[39m
[35m[HTTP][39m [90m{"id":"00000000-0000-0027-ffff-ffff00000143","text":"6","value":["6"]}[39m
[35m[HTTP][39m [37m<-- POST /wd/hub/session/882b6e68-9311-4d3f-8647-163622f026b9/element/00000000-0000-0027-ffff-ffff00000143/value [39m[32m200[39m [90m4525 ms - 14[39m
[35m[HTTP][39m [90m[39m
[35m[HTTP][39m [37m-->[39m [37mGET[39m [37m/wd/hub/session/882b6e68-9311-4d3f-8647-163622f026b9/source[39m
[35m[HTTP][39m [90m{}[39m
[35m[W3C (882b6e68)][39m Driver proxy active, passing request on via HTTP proxy
[35m[WD Proxy][39m Replacing sessionId 099292ec-9116-4e32-aa93-69f4c5494643 with 882b6e68-9311-4d3f-8647-163622f026b9
[35m[HTTP][39m [37m<-- GET /wd/hub/session/882b6e68-9311-4d3f-8647-163622f026b9/source [39m[32m200[39m [90m407 ms - 11450[39m
[35m[HTTP][39m [90m[39m
[35m[HTTP][39m [37m-->[39m [37mGET[39m [37m/wd/hub/session/882b6e68-9311-4d3f-8647-163622f026b9/screenshot[39m
[35m[HTTP][39m [90m{}[39m
[35m[HTTP][39m [37m<-- GET /wd/hub/session/882b6e68-9311-4d3f-8647-163622f026b9/screenshot [39m[32m200[39m [90m217 ms - 101844[39m
[35m[HTTP][39m [90m[39m
[35m[HTTP][39m [37m-->[39m [37mPOST[39m [37m/wd/hub/session/882b6e68-9311-4d3f-8647-163622f026b9/elements[39m
[35m[HTTP][39m [90m{"using":"xpath","value":"//*[@class = 'android.widget.EditText' and @resource-id = 'com.arabbank.neobank:id/pinCode2' and (@text = '' or . = '')]"}[39m
[35m[HTTP][39m [37m<-- POST /wd/hub/session/882b6e68-9311-4d3f-8647-163622f026b9/elements [39m[32m200[39m [90m678 ms - 139[39m
[35m[HTTP][39m [90m[39m
[35m[HTTP][39m [37m-->[39m [37mGET[39m [37m/wd/hub/session/882b6e68-9311-4d3f-8647-163622f026b9/window/rect[39m
[35m[HTTP][39m [90m{}[39m
[35m[HTTP][39m [37m<-- GET /wd/hub/session/882b6e68-9311-4d3f-8647-163622f026b9/window/rect [39m[32m200[39m [90m9 ms - 50[39m
[35m[HTTP][39m [90m[39m
[35m[HTTP][39m [37m-->[39m [37mPOST[39m [37m/wd/hub/session/882b6e68-9311-4d3f-8647-163622f026b9/elements[39m
[35m[HTTP][39m [90m{"using":"xpath","value":"//*[@class = 'android.widget.EditText' and @resource-id = 'com.arabbank.neobank:id/pinCode2' and (@text = '' or . = '')]"}[39m
[35m[HTTP][39m [37m<-- POST /wd/hub/session/882b6e68-9311-4d3f-8647-163622f026b9/elements [39m[32m200[39m [90m434 ms - 139[39m
[35m[HTTP][39m [90m[39m
[35m[HTTP][39m [37m-->[39m [37mGET[39m [37m/wd/hub/session/882b6e68-9311-4d3f-8647-163622f026b9/element/00000000-0000-0027-ffff-ffff00000144/location[39m
[35m[HTTP][39m [90m{}[39m
[35m[W3C (882b6e68)][39m Driver proxy active, passing request on via HTTP proxy
[35m[WD Proxy][39m Replacing sessionId 099292ec-9116-4e32-aa93-69f4c5494643 with 882b6e68-9311-4d3f-8647-163622f026b9
[35m[HTTP][39m [37m<-- GET /wd/hub/session/882b6e68-9311-4d3f-8647-163622f026b9/element/00000000-0000-0027-ffff-ffff00000144/location [39m[32m200[39m [90m1989 ms - 78[39m
[35m[HTTP][39m [90m[39m
[35m[HTTP][39m [37m-->[39m [37mPOST[39m [37m/wd/hub/session/882b6e68-9311-4d3f-8647-163622f026b9/element/00000000-0000-0027-ffff-ffff00000144/clear[39m
[35m[HTTP][39m [90m{"id":"00000000-0000-0027-ffff-ffff00000144"}[39m
[35m[HTTP][39m [37m<-- POST /wd/hub/session/882b6e68-9311-4d3f-8647-163622f026b9/element/00000000-0000-0027-ffff-ffff00000144/clear [39m[32m200[39m [90m3018 ms - 14[39m
[35m[HTTP][39m [90m[39m
[35m[HTTP][39m [37m-->[39m [37mPOST[39m [37m/wd/hub/session/882b6e68-9311-4d3f-8647-163622f026b9/element/00000000-0000-0027-ffff-ffff00000144/value[39m
[35m[HTTP][39m [90m{"id":"00000000-0000-0027-ffff-ffff00000144","text":"6","value":["6"]}[39m
[35m[HTTP][39m [37m<-- POST /wd/hub/session/882b6e68-9311-4d3f-8647-163622f026b9/element/00000000-0000-0027-ffff-ffff00000144/value [39m[32m200[39m [90m3986 ms - 14[39m
[35m[HTTP][39m [90m[39m
[35m[HTTP][39m [37m-->[39m [37mGET[39m [37m/wd/hub/session/882b6e68-9311-4d3f-8647-163622f026b9/source[39m
[35m[HTTP][39m [90m{}[39m
[35m[W3C (882b6e68)][39m Driver proxy active, passing request on via HTTP proxy
[35m[WD Proxy][39m Replacing sessionId 099292ec-9116-4e32-aa93-69f4c5494643 with 882b6e68-9311-4d3f-8647-163622f026b9
[35m[HTTP][39m [37m<-- GET /wd/hub/session/882b6e68-9311-4d3f-8647-163622f026b9/source [39m[32m200[39m [90m450 ms - 11451[39m
[35m[HTTP][39m [90m[39m
[35m[HTTP][39m [37m-->[39m [37mGET[39m [37m/wd/hub/session/882b6e68-9311-4d3f-8647-163622f026b9/screenshot[39m
[35m[HTTP][39m [90m{}[39m
[35m[HTTP][39m [37m<-- GET /wd/hub/session/882b6e68-9311-4d3f-8647-163622f026b9/screenshot [39m[32m200[39m [90m238 ms - 98334[39m
[35m[HTTP][39m [90m[39m
[35m[HTTP][39m [37m-->[39m [37mPOST[39m [37m/wd/hub/session/882b6e68-9311-4d3f-8647-163622f026b9/elements[39m
[35m[HTTP][39m [90m{"using":"xpath","value":"//*[@class = 'android.widget.EditText' and @resource-id = 'com.arabbank.neobank:id/pinCode3' and (@text = '' or . = '')]"}[39m
[35m[HTTP][39m [37m<-- POST /wd/hub/session/882b6e68-9311-4d3f-8647-163622f026b9/elements [39m[32m200[39m [90m419 ms - 139[39m
[35m[HTTP][39m [90m[39m
[35m[HTTP][39m [37m-->[39m [37mGET[39m [37m/wd/hub/session/882b6e68-9311-4d3f-8647-163622f026b9/window/rect[39m
[35m[HTTP][39m [90m{}[39m
[35m[HTTP][39m [37m<-- GET /wd/hub/session/882b6e68-9311-4d3f-8647-163622f026b9/window/rect [39m[32m200[39m [90m10 ms - 50[39m
[35m[HTTP][39m [90m[39m
[35m[HTTP][39m [37m-->[39m [37mPOST[39m [37m/wd/hub/session/882b6e68-9311-4d3f-8647-163622f026b9/elements[39m
[35m[HTTP][39m [90m{"using":"xpath","value":"//*[@class = 'android.widget.EditText' and @resource-id = 'com.arabbank.neobank:id/pinCode3' and (@text = '' or . = '')]"}[39m
[35m[HTTP][39m [37m<-- POST /wd/hub/session/882b6e68-9311-4d3f-8647-163622f026b9/elements [39m[32m200[39m [90m1708 ms - 139[39m
[35m[HTTP][39m [90m[39m
[35m[HTTP][39m [37m-->[39m [37mGET[39m [37m/wd/hub/session/882b6e68-9311-4d3f-8647-163622f026b9/element/00000000-0000-0027-ffff-ffff00000145/location[39m
[35m[HTTP][39m [90m{}[39m
[35m[W3C (882b6e68)][39m Driver proxy active, passing request on via HTTP proxy
[35m[WD Proxy][39m Replacing sessionId 099292ec-9116-4e32-aa93-69f4c5494643 with 882b6e68-9311-4d3f-8647-163622f026b9
[35m[HTTP][39m [37m<-- GET /wd/hub/session/882b6e68-9311-4d3f-8647-163622f026b9/element/00000000-0000-0027-ffff-ffff00000145/location [39m[32m200[39m [90m1988 ms - 78[39m
[35m[HTTP][39m [90m[39m
[35m[HTTP][39m [37m-->[39m [37mPOST[39m [37m/wd/hub/session/882b6e68-9311-4d3f-8647-163622f026b9/element/00000000-0000-0027-ffff-ffff00000145/clear[39m
[35m[HTTP][39m [90m{"id":"00000000-0000-0027-ffff-ffff00000145"}[39m
[35m[HTTP][39m [37m<-- POST /wd/hub/session/882b6e68-9311-4d3f-8647-163622f026b9/element/00000000-0000-0027-ffff-ffff00000145/clear [39m[32m200[39m [90m3000 ms - 14[39m
[35m[HTTP][39m [90m[39m
[35m[HTTP][39m [37m-->[39m [37mPOST[39m [37m/wd/hub/session/882b6e68-9311-4d3f-8647-163622f026b9/element/00000000-0000-0027-ffff-ffff00000145/value[39m
[35m[HTTP][39m [90m{"id":"00000000-0000-0027-ffff-ffff00000145","text":"6","value":["6"]}[39m
[35m[HTTP][39m [37m<-- POST /wd/hub/session/882b6e68-9311-4d3f-8647-163622f026b9/element/00000000-0000-0027-ffff-ffff00000145/value [39m[32m200[39m [90m4983 ms - 14[39m
[35m[HTTP][39m [90m[39m
[35m[HTTP][39m [37m-->[39m [37mGET[39m [37m/wd/hub/session/882b6e68-9311-4d3f-8647-163622f026b9/source[39m
[35m[HTTP][39m [90m{}[39m
[35m[W3C (882b6e68)][39m Driver proxy active, passing request on via HTTP proxy
[35m[WD Proxy][39m Replacing sessionId 099292ec-9116-4e32-aa93-69f4c5494643 with 882b6e68-9311-4d3f-8647-163622f026b9
[35m[HTTP][39m [37m<-- GET /wd/hub/session/882b6e68-9311-4d3f-8647-163622f026b9/source [39m[32m200[39m [90m359 ms - 11452[39m
[35m[HTTP][39m [90m[39m
[35m[HTTP][39m [37m-->[39m [37mGET[39m [37m/wd/hub/session/882b6e68-9311-4d3f-8647-163622f026b9/screenshot[39m
[35m[HTTP][39m [90m{}[39m
[35m[HTTP][39m [37m<-- GET /wd/hub/session/882b6e68-9311-4d3f-8647-163622f026b9/screenshot [39m[32m200[39m [90m226 ms - 99918[39m
[35m[HTTP][39m [90m[39m
[35m[HTTP][39m [37m-->[39m [37mPOST[39m [37m/wd/hub/session/882b6e68-9311-4d3f-8647-163622f026b9/elements[39m
[35m[HTTP][39m [90m{"using":"xpath","value":"//*[@class = 'android.widget.EditText' and @resource-id = 'com.arabbank.neobank:id/pinCode4' and (@text = '' or . = '')]"}[39m
[35m[HTTP][39m [37m<-- POST /wd/hub/session/882b6e68-9311-4d3f-8647-163622f026b9/elements [39m[32m200[39m [90m712 ms - 139[39m
[35m[HTTP][39m [90m[39m
[35m[HTTP][39m [37m-->[39m [37mGET[39m [37m/wd/hub/session/882b6e68-9311-4d3f-8647-163622f026b9/window/rect[39m
[35m[HTTP][39m [90m{}[39m
[35m[HTTP][39m [37m<-- GET /wd/hub/session/882b6e68-9311-4d3f-8647-163622f026b9/window/rect [39m[32m200[39m [90m21 ms - 50[39m
[35m[HTTP][39m [90m[39m
[35m[HTTP][39m [37m-->[39m [37mPOST[39m [37m/wd/hub/session/882b6e68-9311-4d3f-8647-163622f026b9/elements[39m
[35m[HTTP][39m [90m{"using":"xpath","value":"//*[@class = 'android.widget.EditText' and @resource-id = 'com.arabbank.neobank:id/pinCode4' and (@text = '' or . = '')]"}[39m
[35m[HTTP][39m [37m<-- POST /wd/hub/session/882b6e68-9311-4d3f-8647-163622f026b9/elements [39m[32m200[39m [90m708 ms - 139[39m
[35m[HTTP][39m [90m[39m
[35m[HTTP][39m [37m-->[39m [37mGET[39m [37m/wd/hub/session/882b6e68-9311-4d3f-8647-163622f026b9/element/00000000-0000-0027-ffff-ffff00000146/location[39m
[35m[HTTP][39m [90m{}[39m
[35m[W3C (882b6e68)][39m Driver proxy active, passing request on via HTTP proxy
[35m[WD Proxy][39m Replacing sessionId 099292ec-9116-4e32-aa93-69f4c5494643 with 882b6e68-9311-4d3f-8647-163622f026b9
[35m[HTTP][39m [37m<-- GET /wd/hub/session/882b6e68-9311-4d3f-8647-163622f026b9/element/00000000-0000-0027-ffff-ffff00000146/location [39m[32m200[39m [90m1984 ms - 78[39m
[35m[HTTP][39m [90m[39m
[35m[HTTP][39m [37m-->[39m [37mPOST[39m [37m/wd/hub/session/882b6e68-9311-4d3f-8647-163622f026b9/element/00000000-0000-0027-ffff-ffff00000146/clear[39m
[35m[HTTP][39m [90m{"id":"00000000-0000-0027-ffff-ffff00000146"}[39m
[35m[HTTP][39m [37m<-- POST /wd/hub/session/882b6e68-9311-4d3f-8647-163622f026b9/element/00000000-0000-0027-ffff-ffff00000146/clear [39m[32m200[39m [90m1498 ms - 14[39m
[35m[HTTP][39m [90m[39m
[35m[HTTP][39m [37m-->[39m [37mPOST[39m [37m/wd/hub/session/882b6e68-9311-4d3f-8647-163622f026b9/element/00000000-0000-0027-ffff-ffff00000146/value[39m
[35m[HTTP][39m [90m{"id":"00000000-0000-0027-ffff-ffff00000146","text":"6","value":["6"]}[39m
[35m[HTTP][39m [37m<-- POST /wd/hub/session/882b6e68-9311-4d3f-8647-163622f026b9/element/00000000-0000-0027-ffff-ffff00000146/value [39m[32m200[39m [90m8508 ms - 14[39m
[35m[HTTP][39m [90m[39m
[35m[HTTP][39m [37m-->[39m [37mGET[39m [37m/wd/hub/session/882b6e68-9311-4d3f-8647-163622f026b9/source[39m
[35m[HTTP][39m [90m{}[39m
[35m[W3C (882b6e68)][39m Driver proxy active, passing request on via HTTP proxy
[35m[WD Proxy][39m Replacing sessionId 099292ec-9116-4e32-aa93-69f4c5494643 with 882b6e68-9311-4d3f-8647-163622f026b9
[35m[HTTP][39m [37m<-- GET /wd/hub/session/882b6e68-9311-4d3f-8647-163622f026b9/source [39m[32m200[39m [90m376 ms - 11453[39m
[35m[HTTP][39m [90m[39m
[35m[HTTP][39m [37m-->[39m [37mGET[39m [37m/wd/hub/session/882b6e68-9311-4d3f-8647-163622f026b9/screenshot[39m
[35m[HTTP][39m [90m{}[39m
[35m[HTTP][39m [37m<-- GET /wd/hub/session/882b6e68-9311-4d3f-8647-163622f026b9/screenshot [39m[32m200[39m [90m217 ms - 99692[39m
[35m[HTTP][39m [90m[39m
[35m[HTTP][39m [37m-->[39m [37mPOST[39m [37m/wd/hub/session/882b6e68-9311-4d3f-8647-163622f026b9/elements[39m
[35m[HTTP][39m [90m{"using":"xpath","value":"//*[@class = 'android.widget.EditText' and @resource-id = 'com.arabbank.neobank:id/pinCode5' and (@text = '' or . = '')]"}[39m
[35m[HTTP][39m [37m<-- POST /wd/hub/session/882b6e68-9311-4d3f-8647-163622f026b9/elements [39m[32m200[39m [90m1693 ms - 139[39m
[35m[HTTP][39m [90m[39m
[35m[HTTP][39m [37m-->[39m [37mGET[39m [37m/wd/hub/session/882b6e68-9311-4d3f-8647-163622f026b9/window/rect[39m
[35m[HTTP][39m [90m{}[39m
[35m[HTTP][39m [37m<-- GET /wd/hub/session/882b6e68-9311-4d3f-8647-163622f026b9/window/rect [39m[32m200[39m [90m12 ms - 50[39m
[35m[HTTP][39m [90m[39m
[35m[HTTP][39m [37m-->[39m [37mPOST[39m [37m/wd/hub/session/882b6e68-9311-4d3f-8647-163622f026b9/elements[39m
[35m[HTTP][39m [90m{"using":"xpath","value":"//*[@class = 'android.widget.EditText' and @resource-id = 'com.arabbank.neobank:id/pinCode5' and (@text = '' or . = '')]"}[39m
[35m[HTTP][39m [37m<-- POST /wd/hub/session/882b6e68-9311-4d3f-8647-163622f026b9/elements [39m[32m200[39m [90m2746 ms - 139[39m
[35m[HTTP][39m [90m[39m
[35m[HTTP][39m [37m-->[39m [37mGET[39m [37m/wd/hub/session/882b6e68-9311-4d3f-8647-163622f026b9/element/00000000-0000-0027-ffff-ffff00000147/location[39m
[35m[HTTP][39m [90m{}[39m
[35m[W3C (882b6e68)][39m Driver proxy active, passing request on via HTTP proxy
[35m[WD Proxy][39m Replacing sessionId 099292ec-9116-4e32-aa93-69f4c5494643 with 882b6e68-9311-4d3f-8647-163622f026b9
[35m[HTTP][39m [37m<-- GET /wd/hub/session/882b6e68-9311-4d3f-8647-163622f026b9/element/00000000-0000-0027-ffff-ffff00000147/location [39m[32m200[39m [90m4847 ms - 78[39m
[35m[HTTP][39m [90m[39m
[35m[HTTP][39m [37m-->[39m [37mPOST[39m [37m/wd/hub/session/882b6e68-9311-4d3f-8647-163622f026b9/element/00000000-0000-0027-ffff-ffff00000147/clear[39m
[35m[HTTP][39m [90m{"id":"00000000-0000-0027-ffff-ffff00000147"}[39m
[35m[HTTP][39m [37m<-- POST /wd/hub/session/882b6e68-9311-4d3f-8647-163622f026b9/element/00000000-0000-0027-ffff-ffff00000147/clear [39m[32m200[39m [90m475 ms - 14[39m
[35m[HTTP][39m [90m[39m
[35m[HTTP][39m [37m-->[39m [37mPOST[39m [37m/wd/hub/session/882b6e68-9311-4d3f-8647-163622f026b9/element/00000000-0000-0027-ffff-ffff00000147/value[39m
[35m[HTTP][39m [90m{"id":"00000000-0000-0027-ffff-ffff00000147","text":"6","value":["6"]}[39m
[35m[HTTP][39m [37m<-- POST /wd/hub/session/882b6e68-9311-4d3f-8647-163622f026b9/element/00000000-0000-0027-ffff-ffff00000147/value [39m[32m200[39m [90m2985 ms - 14[39m
[35m[HTTP][39m [90m[39m
[35m[HTTP][39m [37m-->[39m [37mGET[39m [37m/wd/hub/session/882b6e68-9311-4d3f-8647-163622f026b9/source[39m
[35m[HTTP][39m [90m{}[39m
[35m[W3C (882b6e68)][39m Driver proxy active, passing request on via HTTP proxy
[35m[WD Proxy][39m Replacing sessionId 099292ec-9116-4e32-aa93-69f4c5494643 with 882b6e68-9311-4d3f-8647-163622f026b9
[35m[HTTP][39m [37m<-- GET /wd/hub/session/882b6e68-9311-4d3f-8647-163622f026b9/source [39m[32m200[39m [90m395 ms - 11454[39m
[35m[HTTP][39m [90m[39m
[35m[HTTP][39m [37m-->[39m [37mGET[39m [37m/wd/hub/session/882b6e68-9311-4d3f-8647-163622f026b9/screenshot[39m
[35m[HTTP][39m [90m{}[39m
[35m[HTTP][39m [37m<-- GET /wd/hub/session/882b6e68-9311-4d3f-8647-163622f026b9/screenshot [39m[32m200[39m [90m236 ms - 98502[39m
[35m[HTTP][39m [90m[39m
[35m[HTTP][39m [37m-->[39m [37mPOST[39m [37m/wd/hub/session/882b6e68-9311-4d3f-8647-163622f026b9/elements[39m
[35m[HTTP][39m [90m{"using":"xpath","value":"//*[@class = 'android.widget.EditText' and @resource-id = 'com.arabbank.neobank:id/pinCode6' and (@text = '' or . = '')]"}[39m
[35m[HTTP][39m [37m<-- POST /wd/hub/session/882b6e68-9311-4d3f-8647-163622f026b9/elements [39m[32m200[39m [90m186 ms - 139[39m
[35m[HTTP][39m [90m[39m
[35m[HTTP][39m [37m-->[39m [37mGET[39m [37m/wd/hub/session/882b6e68-9311-4d3f-8647-163622f026b9/window/rect[39m
[35m[HTTP][39m [90m{}[39m
[35m[HTTP][39m [37m<-- GET /wd/hub/session/882b6e68-9311-4d3f-8647-163622f026b9/window/rect [39m[32m200[39m [90m6 ms - 50[39m
[35m[HTTP][39m [90m[39m
[35m[HTTP][39m [37m-->[39m [37mPOST[39m [37m/wd/hub/session/882b6e68-9311-4d3f-8647-163622f026b9/elements[39m
[35m[HTTP][39m [90m{"using":"xpath","value":"//*[@class = 'android.widget.EditText' and @resource-id = 'com.arabbank.neobank:id/pinCode6' and (@text = '' or . = '')]"}[39m
[35m[HTTP][39m [37m<-- POST /wd/hub/session/882b6e68-9311-4d3f-8647-163622f026b9/elements [39m[32m200[39m [90m869 ms - 139[39m
[35m[HTTP][39m [90m[39m
[35m[HTTP][39m [37m-->[39m [37mGET[39m [37m/wd/hub/session/882b6e68-9311-4d3f-8647-163622f026b9/element/00000000-0000-0027-ffff-ffff00000148/location[39m
[35m[HTTP][39m [90m{}[39m
[35m[W3C (882b6e68)][39m Driver proxy active, passing request on via HTTP proxy
[35m[WD Proxy][39m Replacing sessionId 099292ec-9116-4e32-aa93-69f4c5494643 with 882b6e68-9311-4d3f-8647-163622f026b9
[35m[HTTP][39m [37m<-- GET /wd/hub/session/882b6e68-9311-4d3f-8647-163622f026b9/element/00000000-0000-0027-ffff-ffff00000148/location [39m[32m200[39m [90m18 ms - 78[39m
[35m[HTTP][39m [90m[39m
[35m[HTTP][39m [37m-->[39m [37mPOST[39m [37m/wd/hub/session/882b6e68-9311-4d3f-8647-163622f026b9/element/00000000-0000-0027-ffff-ffff00000148/clear[39m
[35m[HTTP][39m [90m{"id":"00000000-0000-0027-ffff-ffff00000148"}[39m
[35m[HTTP][39m [37m<-- POST /wd/hub/session/882b6e68-9311-4d3f-8647-163622f026b9/element/00000000-0000-0027-ffff-ffff00000148/clear [39m[32m200[39m [90m32 ms - 14[39m
[35m[HTTP][39m [90m[39m
[35m[HTTP][39m [37m-->[39m [37mPOST[39m [37m/wd/hub/session/882b6e68-9311-4d3f-8647-163622f026b9/element/00000000-0000-0027-ffff-ffff00000148/value[39m
[35m[HTTP][39m [90m{"id":"00000000-0000-0027-ffff-ffff00000148","text":"6","value":["6"]}[39m
[35m[HTTP][39m [37m<-- POST /wd/hub/session/882b6e68-9311-4d3f-8647-163622f026b9/element/00000000-0000-0027-ffff-ffff00000148/value [39m[32m200[39m [90m489 ms - 14[39m
[35m[HTTP][39m [90m[39m
[35m[HTTP][39m [37m-->[39m [37mGET[39m [37m/wd/hub/session/882b6e68-9311-4d3f-8647-163622f026b9/source[39m
[35m[HTTP][39m [90m{}[39m
[35m[W3C (882b6e68)][39m Driver proxy active, passing request on via HTTP proxy
[35m[WD Proxy][39m Replacing sessionId 099292ec-9116-4e32-aa93-69f4c5494643 with 882b6e68-9311-4d3f-8647-163622f026b9
[35m[HTTP][39m [37m<-- GET /wd/hub/session/882b6e68-9311-4d3f-8647-163622f026b9/source [39m[32m200[39m [90m37 ms - 11015[39m
[35m[HTTP][39m [90m[39m
[35m[HTTP][39m [37m-->[39m [37mGET[39m [37m/wd/hub/session/882b6e68-9311-4d3f-8647-163622f026b9/screenshot[39m
[35m[HTTP][39m [90m{}[39m
[35m[HTTP][39m [37m<-- GET /wd/hub/session/882b6e68-9311-4d3f-8647-163622f026b9/screenshot [39m[32m200[39m [90m241 ms - 97448[39m
[35m[HTTP][39m [90m[39m
[35m[HTTP][39m [37m-->[39m [37mPOST[39m [37m/wd/hub/session/882b6e68-9311-4d3f-8647-163622f026b9/elements[39m
[35m[HTTP][39m [90m{"using":"xpath","value":"//*[@class = 'android.widget.Button' and (@text = 'Verify' or . = 'Verify') and @resource-id = 'com.arabbank.neobank:id/verify']"}[39m
[35m[HTTP][39m [37m<-- POST /wd/hub/session/882b6e68-9311-4d3f-8647-163622f026b9/elements [39m[32m200[39m [90m100 ms - 139[39m
[35m[HTTP][39m [90m[39m
[35m[HTTP][39m [37m-->[39m [37mGET[39m [37m/wd/hub/session/882b6e68-9311-4d3f-8647-163622f026b9/window/rect[39m
[35m[HTTP][39m [90m{}[39m
[35m[HTTP][39m [37m<-- GET /wd/hub/session/882b6e68-9311-4d3f-8647-163622f026b9/window/rect [39m[32m200[39m [90m6 ms - 50[39m
[35m[HTTP][39m [90m[39m
[35m[HTTP][39m [37m-->[39m [37mPOST[39m [37m/wd/hub/session/882b6e68-9311-4d3f-8647-163622f026b9/elements[39m
[35m[HTTP][39m [90m{"using":"xpath","value":"//*[@class = 'android.widget.Button' and (@text = 'Verify' or . = 'Verify') and @resource-id = 'com.arabbank.neobank:id/verify']"}[39m
[35m[HTTP][39m [37m<-- POST /wd/hub/session/882b6e68-9311-4d3f-8647-163622f026b9/elements [39m[32m200[39m [90m32 ms - 139[39m
[35m[HTTP][39m [90m[39m
[35m[HTTP][39m [37m-->[39m [37mGET[39m [37m/wd/hub/session/882b6e68-9311-4d3f-8647-163622f026b9/element/00000000-0000-0027-ffff-ffff0000014b/location[39m
[35m[HTTP][39m [90m{}[39m
[35m[W3C (882b6e68)][39m Driver proxy active, passing request on via HTTP proxy
[35m[WD Proxy][39m Replacing sessionId 099292ec-9116-4e32-aa93-69f4c5494643 with 882b6e68-9311-4d3f-8647-163622f026b9
[35m[HTTP][39m [37m<-- GET /wd/hub/session/882b6e68-9311-4d3f-8647-163622f026b9/element/00000000-0000-0027-ffff-ffff0000014b/location [39m[32m200[39m [90m11 ms - 78[39m
[35m[HTTP][39m [90m[39m
[35m[HTTP][39m [37m-->[39m [37mPOST[39m [37m/wd/hub/session/882b6e68-9311-4d3f-8647-163622f026b9/touch/perform[39m
[35m[HTTP][39m [90m{"actions":[{"action":"tap","options":{"x":1,"y":1,"element":"00000000-0000-0027-ffff-ffff0000014b"}}]}[39m
[35m[UiAutomator2][39m calling get location: 00000000-0000-0027-ffff-ffff0000014b
[35m[HTTP][39m [37m<-- POST /wd/hub/session/882b6e68-9311-4d3f-8647-163622f026b9/touch/perform [39m[32m200[39m [90m158 ms - 14[39m
[35m[HTTP][39m [90m[39m
[35m[HTTP][39m [37m-->[39m [37mGET[39m [37m/wd/hub/session/882b6e68-9311-4d3f-8647-163622f026b9/source[39m
[35m[HTTP][39m [90m{}[39m
[35m[W3C (882b6e68)][39m Driver proxy active, passing request on via HTTP proxy
[35m[WD Proxy][39m Replacing sessionId 099292ec-9116-4e32-aa93-69f4c5494643 with 882b6e68-9311-4d3f-8647-163622f026b9
[35m[HTTP][39m [37m<-- GET /wd/hub/session/882b6e68-9311-4d3f-8647-163622f026b9/source [39m[32m200[39m [90m54 ms - 2377[39m
[35m[HTTP][39m [90m[39m
[35m[HTTP][39m [37m-->[39m [37mGET[39m [37m/wd/hub/session/882b6e68-9311-4d3f-8647-163622f026b9/screenshot[39m
[35m[HTTP][39m [90m{}[39m
[35m[HTTP][39m [37m<-- GET /wd/hub/session/882b6e68-9311-4d3f-8647-163622f026b9/screenshot [39m[32m200[39m [90m252 ms - 94064[39m
[35m[HTTP][39m [90m[39m
[35m[HTTP][39m [37m-->[39m [37mGET[39m [37m/wd/hub/session/882b6e68-9311-4d3f-8647-163622f026b9/source[39m
[35m[HTTP][39m [90m{}[39m
[35m[W3C (882b6e68)][39m Driver proxy active, passing request on via HTTP proxy
[35m[WD Proxy][39m Replacing sessionId 099292ec-9116-4e32-aa93-69f4c5494643 with 882b6e68-9311-4d3f-8647-163622f026b9
[35m[HTTP][39m [37m<-- GET /wd/hub/session/882b6e68-9311-4d3f-8647-163622f026b9/source [39m[32m200[39m [90m115 ms - 11500[39m
[35m[HTTP][39m [90m[39m
[35m[HTTP][39m [37m-->[39m [37mGET[39m [37m/wd/hub/session/882b6e68-9311-4d3f-8647-163622f026b9/screenshot[39m
[35m[HTTP][39m [90m{}[39m
[35m[HTTP][39m [37m<-- GET /wd/hub/session/882b6e68-9311-4d3f-8647-163622f026b9/screenshot [39m[32m200[39m [90m390 ms - 679090[39m
[35m[HTTP][39m [90m[39m
[35m[HTTP][39m [37m-->[39m [37mDELETE[39m [37m/wd/hub/session/882b6e68-9311-4d3f-8647-163622f026b9[39m
[35m[HTTP][39m [90m{}[39m
[35m[Appium][39m Removing session 882b6e68-9311-4d3f-8647-163622f026b9 from our master session list
[35m[UiAutomator2][39m Restoring hidden api policy to the device default configuration
[35m[HTTP][39m [37m<-- DELETE /wd/hub/session/882b6e68-9311-4d3f-8647-163622f026b9 [39m[32m200[39m [90m1247 ms - 14[39m
[35m[HTTP][39m [90m[39m
